#! /c/Source/iverilog-install/bin/vvp
:ivl_version "12.0 (devel)" "(s20150603-1110-g18392a46)";
:ivl_delay_selection "TYPICAL";
:vpi_time_precision - 12;
:vpi_module "D:\iverilog\lib\ivl\system.vpi";
:vpi_module "D:\iverilog\lib\ivl\vhdl_sys.vpi";
:vpi_module "D:\iverilog\lib\ivl\vhdl_textio.vpi";
:vpi_module "D:\iverilog\lib\ivl\v2005_math.vpi";
:vpi_module "D:\iverilog\lib\ivl\va_math.vpi";
S_000002e3f777da70 .scope module, "padder24" "padder24" 2 68;
 .timescale -9 -12;
    .port_info 0 /INPUT 24 "A";
    .port_info 1 /INPUT 24 "B";
    .port_info 2 /INPUT 1 "Cin";
    .port_info 3 /OUTPUT 24 "S";
    .port_info 4 /OUTPUT 1 "Cout";
P_000002e3f773e3b0 .param/l "N" 0 2 69, +C4<00000000000000000000000000011000>;
L_000002e3f77e22a0 .functor OR 23, L_000002e3f7805b40, L_000002e3f7807800, C4<00000000000000000000000>, C4<00000000000000000000000>;
L_000002e3f77e1eb0 .functor AND 23, L_000002e3f78076c0, L_000002e3f7805fa0, C4<11111111111111111111111>, C4<11111111111111111111111>;
L_000002e3f7862490 .functor AND 1, L_000002e3f7861b60, L_000002e3f780c6c0, C4<1>, C4<1>;
L_000002e3f78622d0 .functor AND 1, L_000002e3f7861b60, L_000002e3f780a960, C4<1>, C4<1>;
L_000002e3f78620a0 .functor OR 1, L_000002e3f7862490, L_000002e3f78622d0, C4<0>, C4<0>;
L_000002e3f7861e00 .functor AND 1, L_000002e3f780b0e0, L_000002e3f780c620, C4<1>, C4<1>;
L_000002e3f7862500 .functor OR 1, L_000002e3f78620a0, L_000002e3f7861e00, C4<0>, C4<0>;
o000002e3f7791098 .functor BUFZ 24, C4<zzzzzzzzzzzzzzzzzzzzzzzz>; HiZ drive
v000002e3f77ffc80_0 .net "A", 23 0, o000002e3f7791098;  0 drivers
o000002e3f77910c8 .functor BUFZ 24, C4<zzzzzzzzzzzzzzzzzzzzzzzz>; HiZ drive
v000002e3f77ff280_0 .net "B", 23 0, o000002e3f77910c8;  0 drivers
o000002e3f77910f8 .functor BUFZ 1, C4<z>; HiZ drive
v000002e3f78004a0_0 .net "Cin", 0 0, o000002e3f77910f8;  0 drivers
v000002e3f77feba0_0 .net "Cout", 0 0, L_000002e3f7862500;  1 drivers
v000002e3f77ff320_0 .net "G", 22 -1, L_000002e3f7806680;  1 drivers
v000002e3f77fff00_0 .net "G0:-1", 0 0, L_000002e3f77e2380;  1 drivers
v000002e3f77ff500_0 .net "G10:-1", 0 0, L_000002e3f7856450;  1 drivers
v000002e3f77ffd20_0 .net "G10:7", 0 0, L_000002e3f7856220;  1 drivers
v000002e3f77ffdc0_0 .net "G10:9", 0 0, L_000002e3f78552d0;  1 drivers
v000002e3f77fec40_0 .net "G11:-1", 0 0, L_000002e3f7856f40;  1 drivers
v000002e3f77fee20_0 .net "G11:7", 0 0, L_000002e3f7856df0;  1 drivers
v000002e3f78005e0_0 .net "G12:-1", 0 0, L_000002e3f7859b90;  1 drivers
v000002e3f7800720_0 .net "G12:11", 0 0, L_000002e3f7858e00;  1 drivers
v000002e3f78011c0_0 .net "G12:7", 0 0, L_000002e3f7858d20;  1 drivers
v000002e3f7800f40_0 .net "G13:-1", 0 0, L_000002e3f7859f10;  1 drivers
v000002e3f7800c20_0 .net "G13:11", 0 0, L_000002e3f7858a80;  1 drivers
v000002e3f7800040_0 .net "G13:7", 0 0, L_000002e3f7859b20;  1 drivers
v000002e3f7800680_0 .net "G14:-1", 0 0, L_000002e3f7859e30;  1 drivers
v000002e3f77fece0_0 .net "G14:11", 0 0, L_000002e3f78597a0;  1 drivers
v000002e3f78007c0_0 .net "G14:13", 0 0, L_000002e3f7858620;  1 drivers
v000002e3f77ff460_0 .net "G14:7", 0 0, L_000002e3f7859dc0;  1 drivers
v000002e3f7800860_0 .net "G15:-1", 0 0, L_000002e3f7859ff0;  1 drivers
v000002e3f77ff6e0_0 .net "G16:-1", 0 0, L_000002e3f7859570;  1 drivers
v000002e3f78009a0_0 .net "G16:15", 0 0, L_000002e3f78593b0;  1 drivers
v000002e3f77fed80_0 .net "G17:-1", 0 0, L_000002e3f7859420;  1 drivers
v000002e3f7800a40_0 .net "G17:15", 0 0, L_000002e3f7859730;  1 drivers
v000002e3f77fef60_0 .net "G18:-1", 0 0, L_000002e3f7858cb0;  1 drivers
v000002e3f7800ae0_0 .net "G18:15", 0 0, L_000002e3f7858b60;  1 drivers
v000002e3f77ff000_0 .net "G18:17", 0 0, L_000002e3f7858fc0;  1 drivers
v000002e3f77ffa00_0 .net "G19:-1", 0 0, L_000002e3f785a1b0;  1 drivers
v000002e3f77ff5a0_0 .net "G19:15", 0 0, L_000002e3f78590a0;  1 drivers
v000002e3f7800b80_0 .net "G1:-1", 0 0, L_000002e3f77e2460;  1 drivers
v000002e3f77ffe60_0 .net "G20:-1", 0 0, L_000002e3f7861770;  1 drivers
v000002e3f7800cc0_0 .net "G20:15", 0 0, L_000002e3f7861620;  1 drivers
v000002e3f7800d60_0 .net "G20:19", 0 0, L_000002e3f785a3e0;  1 drivers
v000002e3f7800e00_0 .net "G21:-1", 0 0, L_000002e3f78619a0;  1 drivers
v000002e3f77ff1e0_0 .net "G21:15", 0 0, L_000002e3f78628f0;  1 drivers
v000002e3f77ff8c0_0 .net "G21:19", 0 0, L_000002e3f78623b0;  1 drivers
v000002e3f7800ea0_0 .net "G22:-1", 0 0, L_000002e3f7861b60;  1 drivers
v000002e3f77ff780_0 .net "G22:15", 0 0, L_000002e3f78629d0;  1 drivers
v000002e3f7801080_0 .net "G22:19", 0 0, L_000002e3f7862420;  1 drivers
v000002e3f78000e0_0 .net "G22:21", 0 0, L_000002e3f78617e0;  1 drivers
v000002e3f7800220_0 .net "G2:-1", 0 0, L_000002e3f7856680;  1 drivers
v000002e3f77ffbe0_0 .net "G2:1", 0 0, L_000002e3f7855340;  1 drivers
v000002e3f77ffaa0_0 .net "G3:-1", 0 0, L_000002e3f7855f10;  1 drivers
v000002e3f7801120_0 .net "G4:-1", 0 0, L_000002e3f7856d80;  1 drivers
v000002e3f7800180_0 .net "G4:3", 0 0, L_000002e3f7855650;  1 drivers
v000002e3f7801260_0 .net "G5:-1", 0 0, L_000002e3f78566f0;  1 drivers
v000002e3f7801300_0 .net "G5:3", 0 0, L_000002e3f7855f80;  1 drivers
v000002e3f77ff140_0 .net "G6:-1", 0 0, L_000002e3f7856760;  1 drivers
v000002e3f77ff820_0 .net "G6:3", 0 0, L_000002e3f7855420;  1 drivers
v000002e3f77ffb40_0 .net "G6:5", 0 0, L_000002e3f78559d0;  1 drivers
v000002e3f77fffa0_0 .net "G7:-1", 0 0, L_000002e3f7855ea0;  1 drivers
v000002e3f78002c0_0 .net "G8:-1", 0 0, L_000002e3f7856920;  1 drivers
v000002e3f78027a0_0 .net "G8:7", 0 0, L_000002e3f78563e0;  1 drivers
v000002e3f7802660_0 .net "G9:-1", 0 0, L_000002e3f7855810;  1 drivers
v000002e3f78019e0_0 .net "G9:7", 0 0, L_000002e3f7856a00;  1 drivers
v000002e3f7801760_0 .net "P", 22 -1, L_000002e3f7806400;  1 drivers
v000002e3f78028e0_0 .net "P10:7", 0 0, L_000002e3f7856ae0;  1 drivers
v000002e3f7802980_0 .net "P10:9", 0 0, L_000002e3f78560d0;  1 drivers
v000002e3f7801da0_0 .net "P11:7", 0 0, L_000002e3f7856fb0;  1 drivers
v000002e3f7801e40_0 .net "P12:11", 0 0, L_000002e3f7857100;  1 drivers
v000002e3f7802840_0 .net "P12:7", 0 0, L_000002e3f7859f80;  1 drivers
v000002e3f7802480_0 .net "P13:11", 0 0, L_000002e3f7859c70;  1 drivers
v000002e3f7802160_0 .net "P13:7", 0 0, L_000002e3f7859490;  1 drivers
v000002e3f7802700_0 .net "P14:11", 0 0, L_000002e3f7858690;  1 drivers
v000002e3f7802520_0 .net "P14:13", 0 0, L_000002e3f785a140;  1 drivers
v000002e3f78020c0_0 .net "P14:7", 0 0, L_000002e3f7859c00;  1 drivers
v000002e3f7802a20_0 .net "P16:15", 0 0, L_000002e3f7858770;  1 drivers
v000002e3f78023e0_0 .net "P17:15", 0 0, L_000002e3f78588c0;  1 drivers
v000002e3f7801b20_0 .net "P18:15", 0 0, L_000002e3f78595e0;  1 drivers
v000002e3f78013a0_0 .net "P18:17", 0 0, L_000002e3f7858af0;  1 drivers
v000002e3f7801800_0 .net "P19:15", 0 0, L_000002e3f7859880;  1 drivers
v000002e3f7801620_0 .net "P20:15", 0 0, L_000002e3f785a290;  1 drivers
v000002e3f78025c0_0 .net "P20:19", 0 0, L_000002e3f785a220;  1 drivers
v000002e3f7801f80_0 .net "P21:15", 0 0, L_000002e3f7861310;  1 drivers
v000002e3f7801440_0 .net "P21:19", 0 0, L_000002e3f7862c00;  1 drivers
v000002e3f78016c0_0 .net "P22:15", 0 0, L_000002e3f7862260;  1 drivers
v000002e3f78018a0_0 .net "P22:19", 0 0, L_000002e3f7861230;  1 drivers
v000002e3f7801bc0_0 .net "P22:21", 0 0, L_000002e3f7861af0;  1 drivers
v000002e3f78014e0_0 .net "P2:1", 0 0, L_000002e3f7856530;  1 drivers
v000002e3f7801580_0 .net "P4:3", 0 0, L_000002e3f78553b0;  1 drivers
v000002e3f7801a80_0 .net "P5:3", 0 0, L_000002e3f78568b0;  1 drivers
v000002e3f7802340_0 .net "P6:3", 0 0, L_000002e3f7855a40;  1 drivers
v000002e3f7801940_0 .net "P6:5", 0 0, L_000002e3f7855490;  1 drivers
v000002e3f7802200_0 .net "P8:7", 0 0, L_000002e3f78555e0;  1 drivers
v000002e3f7801c60_0 .net "P9:7", 0 0, L_000002e3f78551f0;  1 drivers
v000002e3f7801d00_0 .net "S", 23 0, L_000002e3f780b4a0;  1 drivers
v000002e3f7801ee0_0 .net *"_ivl_1", 22 0, L_000002e3f7805b40;  1 drivers
v000002e3f7802020_0 .net *"_ivl_11", 22 0, L_000002e3f78076c0;  1 drivers
v000002e3f78022a0_0 .net *"_ivl_13", 22 0, L_000002e3f7805fa0;  1 drivers
v000002e3f78056e0_0 .net *"_ivl_14", 22 0, L_000002e3f77e1eb0;  1 drivers
v000002e3f7807300_0 .net *"_ivl_3", 22 0, L_000002e3f7807800;  1 drivers
v000002e3f78055a0_0 .net *"_ivl_304", 0 0, L_000002e3f780c6c0;  1 drivers
v000002e3f78073a0_0 .net *"_ivl_305", 0 0, L_000002e3f7862490;  1 drivers
v000002e3f7807440_0 .net *"_ivl_308", 0 0, L_000002e3f780a960;  1 drivers
v000002e3f78060e0_0 .net *"_ivl_309", 0 0, L_000002e3f78622d0;  1 drivers
v000002e3f7806360_0 .net *"_ivl_311", 0 0, L_000002e3f78620a0;  1 drivers
v000002e3f7806180_0 .net *"_ivl_314", 0 0, L_000002e3f780b0e0;  1 drivers
v000002e3f7806860_0 .net *"_ivl_316", 0 0, L_000002e3f780c620;  1 drivers
v000002e3f7806cc0_0 .net *"_ivl_317", 0 0, L_000002e3f7861e00;  1 drivers
v000002e3f7805640_0 .net *"_ivl_4", 22 0, L_000002e3f77e22a0;  1 drivers
L_000002e3f780d198 .functor BUFT 1, C4<0>, C4<0>, C4<0>, C4<0>;
v000002e3f78074e0_0 .net/2u *"_ivl_6", 0 0, L_000002e3f780d198;  1 drivers
L_000002e3f7805b40 .part o000002e3f7791098, 0, 23;
L_000002e3f7807800 .part o000002e3f77910c8, 0, 23;
L_000002e3f7806400 .concat [ 1 23 0 0], L_000002e3f780d198, L_000002e3f77e22a0;
L_000002e3f78076c0 .part o000002e3f7791098, 0, 23;
L_000002e3f7805fa0 .part o000002e3f77910c8, 0, 23;
L_000002e3f7806680 .concat [ 1 23 0 0], o000002e3f77910f8, L_000002e3f77e1eb0;
L_000002e3f7805960 .part L_000002e3f7806680, 0, 1;
L_000002e3f7806d60 .part o000002e3f7791098, 0, 1;
L_000002e3f7806040 .part o000002e3f77910c8, 0, 1;
L_000002e3f78051e0 .part L_000002e3f7806400, 1, 1;
L_000002e3f7805780 .part L_000002e3f7806680, 1, 1;
L_000002e3f7807580 .part L_000002e3f7806680, 0, 1;
L_000002e3f78078a0 .part o000002e3f7791098, 1, 1;
L_000002e3f7807260 .part o000002e3f77910c8, 1, 1;
L_000002e3f7805c80 .part L_000002e3f7806400, 2, 1;
L_000002e3f7806e00 .part L_000002e3f7806680, 2, 1;
L_000002e3f7807080 .part o000002e3f7791098, 2, 1;
L_000002e3f78062c0 .part o000002e3f77910c8, 2, 1;
L_000002e3f7806720 .part L_000002e3f7806400, 3, 1;
L_000002e3f7806900 .part L_000002e3f7806400, 2, 1;
L_000002e3f78071c0 .part L_000002e3f7806680, 3, 1;
L_000002e3f7807940 .part L_000002e3f7806680, 2, 1;
L_000002e3f7805be0 .part o000002e3f7791098, 3, 1;
L_000002e3f7805280 .part o000002e3f77910c8, 3, 1;
L_000002e3f7806220 .part L_000002e3f7806400, 4, 1;
L_000002e3f7807620 .part L_000002e3f7806680, 4, 1;
L_000002e3f7806b80 .part o000002e3f7791098, 4, 1;
L_000002e3f7805d20 .part o000002e3f77910c8, 4, 1;
L_000002e3f78053c0 .part L_000002e3f7806400, 5, 1;
L_000002e3f7805dc0 .part L_000002e3f7806400, 4, 1;
L_000002e3f7807760 .part L_000002e3f7806680, 5, 1;
L_000002e3f78067c0 .part L_000002e3f7806680, 4, 1;
L_000002e3f78064a0 .part o000002e3f7791098, 5, 1;
L_000002e3f7805320 .part o000002e3f77910c8, 5, 1;
L_000002e3f7806540 .part L_000002e3f7806400, 6, 1;
L_000002e3f7805820 .part L_000002e3f7806680, 6, 1;
L_000002e3f78065e0 .part o000002e3f7791098, 6, 1;
L_000002e3f7806ea0 .part o000002e3f77910c8, 6, 1;
L_000002e3f7805e60 .part L_000002e3f7806400, 7, 1;
L_000002e3f7805f00 .part L_000002e3f7806400, 6, 1;
L_000002e3f78069a0 .part L_000002e3f7806680, 7, 1;
L_000002e3f7806f40 .part L_000002e3f7806680, 6, 1;
L_000002e3f7806a40 .part o000002e3f7791098, 7, 1;
L_000002e3f7805a00 .part o000002e3f77910c8, 7, 1;
L_000002e3f7805aa0 .part L_000002e3f7806400, 8, 1;
L_000002e3f7806ae0 .part L_000002e3f7806680, 8, 1;
L_000002e3f7805460 .part o000002e3f7791098, 8, 1;
L_000002e3f7806fe0 .part o000002e3f77910c8, 8, 1;
L_000002e3f7806c20 .part L_000002e3f7806400, 9, 1;
L_000002e3f7807120 .part L_000002e3f7806400, 8, 1;
L_000002e3f7805500 .part L_000002e3f7806680, 9, 1;
L_000002e3f78058c0 .part L_000002e3f7806680, 8, 1;
L_000002e3f7808c00 .part o000002e3f7791098, 9, 1;
L_000002e3f78085c0 .part o000002e3f77910c8, 9, 1;
L_000002e3f7809a60 .part L_000002e3f7806400, 10, 1;
L_000002e3f7808ac0 .part L_000002e3f7806680, 10, 1;
L_000002e3f7808660 .part o000002e3f7791098, 10, 1;
L_000002e3f7809c40 .part o000002e3f77910c8, 10, 1;
L_000002e3f7809f60 .part L_000002e3f7806400, 11, 1;
L_000002e3f7808700 .part L_000002e3f7806400, 10, 1;
L_000002e3f7808a20 .part L_000002e3f7806680, 11, 1;
L_000002e3f7807d00 .part L_000002e3f7806680, 10, 1;
L_000002e3f7808b60 .part o000002e3f7791098, 11, 1;
L_000002e3f7807e40 .part o000002e3f77910c8, 11, 1;
L_000002e3f78087a0 .part L_000002e3f7806400, 12, 1;
L_000002e3f7809ce0 .part L_000002e3f7806680, 12, 1;
L_000002e3f7807b20 .part o000002e3f7791098, 12, 1;
L_000002e3f78091a0 .part o000002e3f77910c8, 12, 1;
L_000002e3f7807ee0 .part L_000002e3f7806400, 13, 1;
L_000002e3f7808ca0 .part L_000002e3f7806400, 12, 1;
L_000002e3f7807bc0 .part L_000002e3f7806680, 13, 1;
L_000002e3f7807f80 .part L_000002e3f7806680, 12, 1;
L_000002e3f7807da0 .part o000002e3f7791098, 13, 1;
L_000002e3f7809100 .part o000002e3f77910c8, 13, 1;
L_000002e3f7808d40 .part L_000002e3f7806400, 14, 1;
L_000002e3f7809920 .part L_000002e3f7806680, 14, 1;
L_000002e3f7809b00 .part o000002e3f7791098, 14, 1;
L_000002e3f7808840 .part o000002e3f77910c8, 14, 1;
L_000002e3f7809ba0 .part L_000002e3f7806400, 15, 1;
L_000002e3f7809560 .part L_000002e3f7806400, 14, 1;
L_000002e3f7808480 .part L_000002e3f7806680, 15, 1;
L_000002e3f7809600 .part L_000002e3f7806680, 14, 1;
L_000002e3f7809e20 .part o000002e3f7791098, 15, 1;
L_000002e3f780a000 .part o000002e3f77910c8, 15, 1;
L_000002e3f7808520 .part L_000002e3f7806400, 16, 1;
L_000002e3f78080c0 .part L_000002e3f7806680, 16, 1;
L_000002e3f7807c60 .part o000002e3f7791098, 16, 1;
L_000002e3f78088e0 .part o000002e3f77910c8, 16, 1;
L_000002e3f7808980 .part L_000002e3f7806400, 17, 1;
L_000002e3f7808de0 .part L_000002e3f7806400, 16, 1;
L_000002e3f78096a0 .part L_000002e3f7806680, 17, 1;
L_000002e3f7808020 .part L_000002e3f7806680, 16, 1;
L_000002e3f7808e80 .part o000002e3f7791098, 17, 1;
L_000002e3f78094c0 .part o000002e3f77910c8, 17, 1;
L_000002e3f78099c0 .part L_000002e3f7806400, 18, 1;
L_000002e3f7808f20 .part L_000002e3f7806680, 18, 1;
L_000002e3f7808fc0 .part o000002e3f7791098, 18, 1;
L_000002e3f7809060 .part o000002e3f77910c8, 18, 1;
L_000002e3f7809240 .part L_000002e3f7806400, 19, 1;
L_000002e3f7809d80 .part L_000002e3f7806400, 18, 1;
L_000002e3f7809740 .part L_000002e3f7806680, 19, 1;
L_000002e3f7808160 .part L_000002e3f7806680, 18, 1;
L_000002e3f78092e0 .part o000002e3f7791098, 19, 1;
L_000002e3f7809ec0 .part o000002e3f77910c8, 19, 1;
L_000002e3f7808340 .part L_000002e3f7806400, 20, 1;
L_000002e3f780a0a0 .part L_000002e3f7806680, 20, 1;
L_000002e3f780a140 .part o000002e3f7791098, 20, 1;
L_000002e3f78079e0 .part o000002e3f77910c8, 20, 1;
L_000002e3f78097e0 .part L_000002e3f7806400, 21, 1;
L_000002e3f7807a80 .part L_000002e3f7806400, 20, 1;
L_000002e3f7808200 .part L_000002e3f7806680, 21, 1;
L_000002e3f7809380 .part L_000002e3f7806680, 20, 1;
L_000002e3f7809420 .part o000002e3f7791098, 21, 1;
L_000002e3f78082a0 .part o000002e3f77910c8, 21, 1;
L_000002e3f78083e0 .part L_000002e3f7806400, 22, 1;
L_000002e3f7809880 .part L_000002e3f7806680, 22, 1;
L_000002e3f780a500 .part o000002e3f7791098, 22, 1;
L_000002e3f780c300 .part o000002e3f77910c8, 22, 1;
L_000002e3f780ab40 .part L_000002e3f7806400, 23, 1;
L_000002e3f780a460 .part L_000002e3f7806400, 22, 1;
L_000002e3f780c800 .part L_000002e3f7806680, 23, 1;
L_000002e3f780ba40 .part L_000002e3f7806680, 22, 1;
L_000002e3f780c8a0 .part o000002e3f7791098, 23, 1;
L_000002e3f780b360 .part o000002e3f77910c8, 23, 1;
LS_000002e3f780b4a0_0_0 .concat8 [ 1 1 1 1], L_000002e3f77e2230, L_000002e3f77e1820, L_000002e3f7855570, L_000002e3f7856a70;
LS_000002e3f780b4a0_0_4 .concat8 [ 1 1 1 1], L_000002e3f7856290, L_000002e3f7856ca0, L_000002e3f7855ff0, L_000002e3f7855500;
LS_000002e3f780b4a0_0_8 .concat8 [ 1 1 1 1], L_000002e3f7855b20, L_000002e3f7856060, L_000002e3f78558f0, L_000002e3f7856bc0;
LS_000002e3f780b4a0_0_12 .concat8 [ 1 1 1 1], L_000002e3f7857090, L_000002e3f785a0d0, L_000002e3f78596c0, L_000002e3f7858700;
LS_000002e3f780b4a0_0_16 .concat8 [ 1 1 1 1], L_000002e3f7859340, L_000002e3f7858ee0, L_000002e3f7858f50, L_000002e3f7859810;
LS_000002e3f780b4a0_0_20 .concat8 [ 1 1 1 1], L_000002e3f785a450, L_000002e3f7861cb0, L_000002e3f7862030, L_000002e3f7861a10;
LS_000002e3f780b4a0_1_0 .concat8 [ 4 4 4 4], LS_000002e3f780b4a0_0_0, LS_000002e3f780b4a0_0_4, LS_000002e3f780b4a0_0_8, LS_000002e3f780b4a0_0_12;
LS_000002e3f780b4a0_1_4 .concat8 [ 4 4 0 0], LS_000002e3f780b4a0_0_16, LS_000002e3f780b4a0_0_20;
L_000002e3f780b4a0 .concat8 [ 16 8 0 0], LS_000002e3f780b4a0_1_0, LS_000002e3f780b4a0_1_4;
L_000002e3f780c6c0 .part o000002e3f7791098, 23, 1;
L_000002e3f780a960 .part o000002e3f77910c8, 23, 1;
L_000002e3f780b0e0 .part o000002e3f7791098, 23, 1;
L_000002e3f780c620 .part o000002e3f77910c8, 23, 1;
S_000002e3f777dc00 .scope module, "0:-1" "Gij" 2 85, 2 46 0, S_000002e3f777da70;
 .timescale -9 -12;
    .port_info 0 /INPUT 1 "Pi:k";
    .port_info 1 /INPUT 1 "Gi:k";
    .port_info 2 /INPUT 1 "Gk-1:j";
    .port_info 3 /OUTPUT 1 "Gi:j";
L_000002e3f77e2310 .functor AND 1, L_000002e3f78051e0, L_000002e3f7807580, C4<1>, C4<1>;
L_000002e3f77e2380 .functor OR 1, L_000002e3f7805780, L_000002e3f77e2310, C4<0>, C4<0>;
v000002e3f7749ce0_0 .net "Gi:j", 0 0, L_000002e3f77e2380;  alias, 1 drivers
v000002e3f7749a60_0 .net "Gi:k", 0 0, L_000002e3f7805780;  1 drivers
v000002e3f7749c40_0 .net "Gk-1:j", 0 0, L_000002e3f7807580;  1 drivers
v000002e3f7748340_0 .net "Pi:k", 0 0, L_000002e3f78051e0;  1 drivers
v000002e3f7748020_0 .net *"_ivl_0", 0 0, L_000002e3f77e2310;  1 drivers
S_000002e3f7695a10 .scope module, "10:-1" "Gij" 2 181, 2 46 0, S_000002e3f777da70;
 .timescale -9 -12;
    .port_info 0 /INPUT 1 "Pi:k";
    .port_info 1 /INPUT 1 "Gi:k";
    .port_info 2 /INPUT 1 "Gk-1:j";
    .port_info 3 /OUTPUT 1 "Gi:j";
L_000002e3f7856370 .functor AND 1, L_000002e3f7856ae0, L_000002e3f7856760, C4<1>, C4<1>;
L_000002e3f7856450 .functor OR 1, L_000002e3f7856220, L_000002e3f7856370, C4<0>, C4<0>;
v000002e3f7707240_0 .net "Gi:j", 0 0, L_000002e3f7856450;  alias, 1 drivers
v000002e3f77072e0_0 .net "Gi:k", 0 0, L_000002e3f7856220;  alias, 1 drivers
v000002e3f7707380_0 .net "Gk-1:j", 0 0, L_000002e3f7856760;  alias, 1 drivers
v000002e3f7707b00_0 .net "Pi:k", 0 0, L_000002e3f7856ae0;  alias, 1 drivers
v000002e3f771ad30_0 .net *"_ivl_0", 0 0, L_000002e3f7856370;  1 drivers
S_000002e3f7695ba0 .scope module, "10:7" "PijGij" 2 177, 2 53 0, S_000002e3f777da70;
 .timescale -9 -12;
    .port_info 0 /INPUT 1 "Pi:k";
    .port_info 1 /INPUT 1 "Pk-1:j";
    .port_info 2 /INPUT 1 "Gi:k";
    .port_info 3 /INPUT 1 "Gk-1:j";
    .port_info 4 /OUTPUT 1 "Pi:j";
    .port_info 5 /OUTPUT 1 "Gi:j";
L_000002e3f7856ae0 .functor AND 1, L_000002e3f78560d0, L_000002e3f78555e0, C4<1>, C4<1>;
L_000002e3f7856b50 .functor AND 1, L_000002e3f78560d0, L_000002e3f78563e0, C4<1>, C4<1>;
L_000002e3f7856220 .functor OR 1, L_000002e3f78552d0, L_000002e3f7856b50, C4<0>, C4<0>;
v000002e3f771be10_0 .net "Gi:j", 0 0, L_000002e3f7856220;  alias, 1 drivers
v000002e3f771b5f0_0 .net "Gi:k", 0 0, L_000002e3f78552d0;  alias, 1 drivers
v000002e3f771a5b0_0 .net "Gk-1:j", 0 0, L_000002e3f78563e0;  alias, 1 drivers
v000002e3f7735270_0 .net "Pi:j", 0 0, L_000002e3f7856ae0;  alias, 1 drivers
v000002e3f7735810_0 .net "Pi:k", 0 0, L_000002e3f78560d0;  alias, 1 drivers
v000002e3f77359f0_0 .net "Pk-1:j", 0 0, L_000002e3f78555e0;  alias, 1 drivers
v000002e3f7736710_0 .net *"_ivl_2", 0 0, L_000002e3f7856b50;  1 drivers
S_000002e3f7695d30 .scope module, "10:9" "PijGij" 2 173, 2 53 0, S_000002e3f777da70;
 .timescale -9 -12;
    .port_info 0 /INPUT 1 "Pi:k";
    .port_info 1 /INPUT 1 "Pk-1:j";
    .port_info 2 /INPUT 1 "Gi:k";
    .port_info 3 /INPUT 1 "Gk-1:j";
    .port_info 4 /OUTPUT 1 "Pi:j";
    .port_info 5 /OUTPUT 1 "Gi:j";
L_000002e3f78560d0 .functor AND 1, L_000002e3f7809f60, L_000002e3f7808700, C4<1>, C4<1>;
L_000002e3f7856140 .functor AND 1, L_000002e3f7809f60, L_000002e3f7807d00, C4<1>, C4<1>;
L_000002e3f78552d0 .functor OR 1, L_000002e3f7808a20, L_000002e3f7856140, C4<0>, C4<0>;
v000002e3f77246b0_0 .net "Gi:j", 0 0, L_000002e3f78552d0;  alias, 1 drivers
v000002e3f77235d0_0 .net "Gi:k", 0 0, L_000002e3f7808a20;  1 drivers
v000002e3f7722bd0_0 .net "Gk-1:j", 0 0, L_000002e3f7807d00;  1 drivers
v000002e3f773f4a0_0 .net "Pi:j", 0 0, L_000002e3f78560d0;  alias, 1 drivers
v000002e3f773f680_0 .net "Pi:k", 0 0, L_000002e3f7809f60;  1 drivers
v000002e3f773f9a0_0 .net "Pk-1:j", 0 0, L_000002e3f7808700;  1 drivers
v000002e3f7704fa0_0 .net *"_ivl_2", 0 0, L_000002e3f7856140;  1 drivers
S_000002e3f7662d00 .scope module, "11:-1" "Gij" 2 191, 2 46 0, S_000002e3f777da70;
 .timescale -9 -12;
    .port_info 0 /INPUT 1 "Pi:k";
    .port_info 1 /INPUT 1 "Gi:k";
    .port_info 2 /INPUT 1 "Gk-1:j";
    .port_info 3 /OUTPUT 1 "Gi:j";
L_000002e3f7856e60 .functor AND 1, L_000002e3f7856fb0, L_000002e3f7856760, C4<1>, C4<1>;
L_000002e3f7856f40 .functor OR 1, L_000002e3f7856df0, L_000002e3f7856e60, C4<0>, C4<0>;
v000002e3f7705360_0 .net "Gi:j", 0 0, L_000002e3f7856f40;  alias, 1 drivers
v000002e3f77df800_0 .net "Gi:k", 0 0, L_000002e3f7856df0;  alias, 1 drivers
v000002e3f77df8a0_0 .net "Gk-1:j", 0 0, L_000002e3f7856760;  alias, 1 drivers
v000002e3f77e0660_0 .net "Pi:k", 0 0, L_000002e3f7856fb0;  alias, 1 drivers
v000002e3f77e0a20_0 .net *"_ivl_0", 0 0, L_000002e3f7856e60;  1 drivers
S_000002e3f7662e90 .scope module, "11:7" "PijGij" 2 187, 2 53 0, S_000002e3f777da70;
 .timescale -9 -12;
    .port_info 0 /INPUT 1 "Pi:k";
    .port_info 1 /INPUT 1 "Pk-1:j";
    .port_info 2 /INPUT 1 "Gi:k";
    .port_info 3 /INPUT 1 "Gk-1:j";
    .port_info 4 /OUTPUT 1 "Pi:j";
    .port_info 5 /OUTPUT 1 "Gi:j";
L_000002e3f7856fb0 .functor AND 1, L_000002e3f78087a0, L_000002e3f7856ae0, C4<1>, C4<1>;
L_000002e3f7856ed0 .functor AND 1, L_000002e3f78087a0, L_000002e3f7856220, C4<1>, C4<1>;
L_000002e3f7856df0 .functor OR 1, L_000002e3f7809ce0, L_000002e3f7856ed0, C4<0>, C4<0>;
v000002e3f77e03e0_0 .net "Gi:j", 0 0, L_000002e3f7856df0;  alias, 1 drivers
v000002e3f77df940_0 .net "Gi:k", 0 0, L_000002e3f7809ce0;  1 drivers
v000002e3f77dfa80_0 .net "Gk-1:j", 0 0, L_000002e3f7856220;  alias, 1 drivers
v000002e3f77dfda0_0 .net "Pi:j", 0 0, L_000002e3f7856fb0;  alias, 1 drivers
v000002e3f77e0020_0 .net "Pi:k", 0 0, L_000002e3f78087a0;  1 drivers
v000002e3f77e0d40_0 .net "Pk-1:j", 0 0, L_000002e3f7856ae0;  alias, 1 drivers
v000002e3f77df760_0 .net *"_ivl_2", 0 0, L_000002e3f7856ed0;  1 drivers
S_000002e3f7663020 .scope module, "12:-1" "Gij" 2 205, 2 46 0, S_000002e3f777da70;
 .timescale -9 -12;
    .port_info 0 /INPUT 1 "Pi:k";
    .port_info 1 /INPUT 1 "Gi:k";
    .port_info 2 /INPUT 1 "Gk-1:j";
    .port_info 3 /OUTPUT 1 "Gi:j";
L_000002e3f7858c40 .functor AND 1, L_000002e3f7859f80, L_000002e3f7856760, C4<1>, C4<1>;
L_000002e3f7859b90 .functor OR 1, L_000002e3f7858d20, L_000002e3f7858c40, C4<0>, C4<0>;
v000002e3f77df300_0 .net "Gi:j", 0 0, L_000002e3f7859b90;  alias, 1 drivers
v000002e3f77df9e0_0 .net "Gi:k", 0 0, L_000002e3f7858d20;  alias, 1 drivers
v000002e3f77e05c0_0 .net "Gk-1:j", 0 0, L_000002e3f7856760;  alias, 1 drivers
v000002e3f77e0200_0 .net "Pi:k", 0 0, L_000002e3f7859f80;  alias, 1 drivers
v000002e3f77e0ac0_0 .net *"_ivl_0", 0 0, L_000002e3f7858c40;  1 drivers
S_000002e3f77e1040 .scope module, "12:11" "PijGij" 2 197, 2 53 0, S_000002e3f777da70;
 .timescale -9 -12;
    .port_info 0 /INPUT 1 "Pi:k";
    .port_info 1 /INPUT 1 "Pk-1:j";
    .port_info 2 /INPUT 1 "Gi:k";
    .port_info 3 /INPUT 1 "Gk-1:j";
    .port_info 4 /OUTPUT 1 "Pi:j";
    .port_info 5 /OUTPUT 1 "Gi:j";
L_000002e3f7857100 .functor AND 1, L_000002e3f7807ee0, L_000002e3f7808ca0, C4<1>, C4<1>;
L_000002e3f78592d0 .functor AND 1, L_000002e3f7807ee0, L_000002e3f7807f80, C4<1>, C4<1>;
L_000002e3f7858e00 .functor OR 1, L_000002e3f7807bc0, L_000002e3f78592d0, C4<0>, C4<0>;
v000002e3f77dfc60_0 .net "Gi:j", 0 0, L_000002e3f7858e00;  alias, 1 drivers
v000002e3f77e02a0_0 .net "Gi:k", 0 0, L_000002e3f7807bc0;  1 drivers
v000002e3f77e0340_0 .net "Gk-1:j", 0 0, L_000002e3f7807f80;  1 drivers
v000002e3f77dfee0_0 .net "Pi:j", 0 0, L_000002e3f7857100;  alias, 1 drivers
v000002e3f77df580_0 .net "Pi:k", 0 0, L_000002e3f7807ee0;  1 drivers
v000002e3f77e0f20_0 .net "Pk-1:j", 0 0, L_000002e3f7808ca0;  1 drivers
v000002e3f77df260_0 .net *"_ivl_2", 0 0, L_000002e3f78592d0;  1 drivers
S_000002e3f77e11d0 .scope module, "12:7" "PijGij" 2 201, 2 53 0, S_000002e3f777da70;
 .timescale -9 -12;
    .port_info 0 /INPUT 1 "Pi:k";
    .port_info 1 /INPUT 1 "Pk-1:j";
    .port_info 2 /INPUT 1 "Gi:k";
    .port_info 3 /INPUT 1 "Gk-1:j";
    .port_info 4 /OUTPUT 1 "Pi:j";
    .port_info 5 /OUTPUT 1 "Gi:j";
L_000002e3f7859f80 .functor AND 1, L_000002e3f7857100, L_000002e3f7856ae0, C4<1>, C4<1>;
L_000002e3f7859650 .functor AND 1, L_000002e3f7857100, L_000002e3f7856220, C4<1>, C4<1>;
L_000002e3f7858d20 .functor OR 1, L_000002e3f7858e00, L_000002e3f7859650, C4<0>, C4<0>;
v000002e3f77e08e0_0 .net "Gi:j", 0 0, L_000002e3f7858d20;  alias, 1 drivers
v000002e3f77e0c00_0 .net "Gi:k", 0 0, L_000002e3f7858e00;  alias, 1 drivers
v000002e3f77dfd00_0 .net "Gk-1:j", 0 0, L_000002e3f7856220;  alias, 1 drivers
v000002e3f77e0ca0_0 .net "Pi:j", 0 0, L_000002e3f7859f80;  alias, 1 drivers
v000002e3f77dfb20_0 .net "Pi:k", 0 0, L_000002e3f7857100;  alias, 1 drivers
v000002e3f77df3a0_0 .net "Pk-1:j", 0 0, L_000002e3f7856ae0;  alias, 1 drivers
v000002e3f77df6c0_0 .net *"_ivl_2", 0 0, L_000002e3f7859650;  1 drivers
S_000002e3f77e1360 .scope module, "13:-1" "Gij" 2 219, 2 46 0, S_000002e3f777da70;
 .timescale -9 -12;
    .port_info 0 /INPUT 1 "Pi:k";
    .port_info 1 /INPUT 1 "Gi:k";
    .port_info 2 /INPUT 1 "Gk-1:j";
    .port_info 3 /OUTPUT 1 "Gi:j";
L_000002e3f78585b0 .functor AND 1, L_000002e3f7859490, L_000002e3f7856760, C4<1>, C4<1>;
L_000002e3f7859f10 .functor OR 1, L_000002e3f7859b20, L_000002e3f78585b0, C4<0>, C4<0>;
v000002e3f77e00c0_0 .net "Gi:j", 0 0, L_000002e3f7859f10;  alias, 1 drivers
v000002e3f77dfe40_0 .net "Gi:k", 0 0, L_000002e3f7859b20;  alias, 1 drivers
v000002e3f77dff80_0 .net "Gk-1:j", 0 0, L_000002e3f7856760;  alias, 1 drivers
v000002e3f77e0de0_0 .net "Pi:k", 0 0, L_000002e3f7859490;  alias, 1 drivers
v000002e3f77e0160_0 .net *"_ivl_0", 0 0, L_000002e3f78585b0;  1 drivers
S_000002e3f77e14f0 .scope module, "13:11" "PijGij" 2 211, 2 53 0, S_000002e3f777da70;
 .timescale -9 -12;
    .port_info 0 /INPUT 1 "Pi:k";
    .port_info 1 /INPUT 1 "Pk-1:j";
    .port_info 2 /INPUT 1 "Gi:k";
    .port_info 3 /INPUT 1 "Gk-1:j";
    .port_info 4 /OUTPUT 1 "Pi:j";
    .port_info 5 /OUTPUT 1 "Gi:j";
L_000002e3f7859c70 .functor AND 1, L_000002e3f7808d40, L_000002e3f7857100, C4<1>, C4<1>;
L_000002e3f7859ab0 .functor AND 1, L_000002e3f7808d40, L_000002e3f7858e00, C4<1>, C4<1>;
L_000002e3f7858a80 .functor OR 1, L_000002e3f7809920, L_000002e3f7859ab0, C4<0>, C4<0>;
v000002e3f77dfbc0_0 .net "Gi:j", 0 0, L_000002e3f7858a80;  alias, 1 drivers
v000002e3f77e0480_0 .net "Gi:k", 0 0, L_000002e3f7809920;  1 drivers
v000002e3f77df620_0 .net "Gk-1:j", 0 0, L_000002e3f7858e00;  alias, 1 drivers
v000002e3f77e0520_0 .net "Pi:j", 0 0, L_000002e3f7859c70;  alias, 1 drivers
v000002e3f77e0b60_0 .net "Pi:k", 0 0, L_000002e3f7808d40;  1 drivers
v000002e3f77e0700_0 .net "Pk-1:j", 0 0, L_000002e3f7857100;  alias, 1 drivers
v000002e3f77df080_0 .net *"_ivl_2", 0 0, L_000002e3f7859ab0;  1 drivers
S_000002e3f77e2690 .scope module, "13:7" "PijGij" 2 215, 2 53 0, S_000002e3f777da70;
 .timescale -9 -12;
    .port_info 0 /INPUT 1 "Pi:k";
    .port_info 1 /INPUT 1 "Pk-1:j";
    .port_info 2 /INPUT 1 "Gi:k";
    .port_info 3 /INPUT 1 "Gk-1:j";
    .port_info 4 /OUTPUT 1 "Pi:j";
    .port_info 5 /OUTPUT 1 "Gi:j";
L_000002e3f7859490 .functor AND 1, L_000002e3f7859c70, L_000002e3f7856ae0, C4<1>, C4<1>;
L_000002e3f7859180 .functor AND 1, L_000002e3f7859c70, L_000002e3f7856220, C4<1>, C4<1>;
L_000002e3f7859b20 .functor OR 1, L_000002e3f7858a80, L_000002e3f7859180, C4<0>, C4<0>;
v000002e3f77df120_0 .net "Gi:j", 0 0, L_000002e3f7859b20;  alias, 1 drivers
v000002e3f77df440_0 .net "Gi:k", 0 0, L_000002e3f7858a80;  alias, 1 drivers
v000002e3f77e0e80_0 .net "Gk-1:j", 0 0, L_000002e3f7856220;  alias, 1 drivers
v000002e3f77df1c0_0 .net "Pi:j", 0 0, L_000002e3f7859490;  alias, 1 drivers
v000002e3f77df4e0_0 .net "Pi:k", 0 0, L_000002e3f7859c70;  alias, 1 drivers
v000002e3f77e07a0_0 .net "Pk-1:j", 0 0, L_000002e3f7856ae0;  alias, 1 drivers
v000002e3f77e0840_0 .net *"_ivl_2", 0 0, L_000002e3f7859180;  1 drivers
S_000002e3f77e2820 .scope module, "14:-1" "Gij" 2 237, 2 46 0, S_000002e3f777da70;
 .timescale -9 -12;
    .port_info 0 /INPUT 1 "Pi:k";
    .port_info 1 /INPUT 1 "Gi:k";
    .port_info 2 /INPUT 1 "Gk-1:j";
    .port_info 3 /OUTPUT 1 "Gi:j";
L_000002e3f7859500 .functor AND 1, L_000002e3f7859c00, L_000002e3f7856760, C4<1>, C4<1>;
L_000002e3f7859e30 .functor OR 1, L_000002e3f7859dc0, L_000002e3f7859500, C4<0>, C4<0>;
v000002e3f77e0980_0 .net "Gi:j", 0 0, L_000002e3f7859e30;  alias, 1 drivers
v000002e3f77e3ea0_0 .net "Gi:k", 0 0, L_000002e3f7859dc0;  alias, 1 drivers
v000002e3f77e3d60_0 .net "Gk-1:j", 0 0, L_000002e3f7856760;  alias, 1 drivers
v000002e3f77e34a0_0 .net "Pi:k", 0 0, L_000002e3f7859c00;  alias, 1 drivers
v000002e3f77e3180_0 .net *"_ivl_0", 0 0, L_000002e3f7859500;  1 drivers
S_000002e3f77e49c0 .scope module, "14:11" "PijGij" 2 229, 2 53 0, S_000002e3f777da70;
 .timescale -9 -12;
    .port_info 0 /INPUT 1 "Pi:k";
    .port_info 1 /INPUT 1 "Pk-1:j";
    .port_info 2 /INPUT 1 "Gi:k";
    .port_info 3 /INPUT 1 "Gk-1:j";
    .port_info 4 /OUTPUT 1 "Pi:j";
    .port_info 5 /OUTPUT 1 "Gi:j";
L_000002e3f7858690 .functor AND 1, L_000002e3f785a140, L_000002e3f7857100, C4<1>, C4<1>;
L_000002e3f7859d50 .functor AND 1, L_000002e3f785a140, L_000002e3f7858e00, C4<1>, C4<1>;
L_000002e3f78597a0 .functor OR 1, L_000002e3f7858620, L_000002e3f7859d50, C4<0>, C4<0>;
v000002e3f77e3f40_0 .net "Gi:j", 0 0, L_000002e3f78597a0;  alias, 1 drivers
v000002e3f77e4620_0 .net "Gi:k", 0 0, L_000002e3f7858620;  alias, 1 drivers
v000002e3f77e48a0_0 .net "Gk-1:j", 0 0, L_000002e3f7858e00;  alias, 1 drivers
v000002e3f77e32c0_0 .net "Pi:j", 0 0, L_000002e3f7858690;  alias, 1 drivers
v000002e3f77e2be0_0 .net "Pi:k", 0 0, L_000002e3f785a140;  alias, 1 drivers
v000002e3f77e3720_0 .net "Pk-1:j", 0 0, L_000002e3f7857100;  alias, 1 drivers
v000002e3f77e3cc0_0 .net *"_ivl_2", 0 0, L_000002e3f7859d50;  1 drivers
S_000002e3f77e4b50 .scope module, "14:13" "PijGij" 2 225, 2 53 0, S_000002e3f777da70;
 .timescale -9 -12;
    .port_info 0 /INPUT 1 "Pi:k";
    .port_info 1 /INPUT 1 "Pk-1:j";
    .port_info 2 /INPUT 1 "Gi:k";
    .port_info 3 /INPUT 1 "Gk-1:j";
    .port_info 4 /OUTPUT 1 "Pi:j";
    .port_info 5 /OUTPUT 1 "Gi:j";
L_000002e3f785a140 .functor AND 1, L_000002e3f7809ba0, L_000002e3f7809560, C4<1>, C4<1>;
L_000002e3f7858e70 .functor AND 1, L_000002e3f7809ba0, L_000002e3f7809600, C4<1>, C4<1>;
L_000002e3f7858620 .functor OR 1, L_000002e3f7808480, L_000002e3f7858e70, C4<0>, C4<0>;
v000002e3f77e3360_0 .net "Gi:j", 0 0, L_000002e3f7858620;  alias, 1 drivers
v000002e3f77e3c20_0 .net "Gi:k", 0 0, L_000002e3f7808480;  1 drivers
v000002e3f77e3b80_0 .net "Gk-1:j", 0 0, L_000002e3f7809600;  1 drivers
v000002e3f77e3400_0 .net "Pi:j", 0 0, L_000002e3f785a140;  alias, 1 drivers
v000002e3f77e44e0_0 .net "Pi:k", 0 0, L_000002e3f7809ba0;  1 drivers
v000002e3f77e3220_0 .net "Pk-1:j", 0 0, L_000002e3f7809560;  1 drivers
v000002e3f77e3540_0 .net *"_ivl_2", 0 0, L_000002e3f7858e70;  1 drivers
S_000002e3f77e4ce0 .scope module, "14:7" "PijGij" 2 233, 2 53 0, S_000002e3f777da70;
 .timescale -9 -12;
    .port_info 0 /INPUT 1 "Pi:k";
    .port_info 1 /INPUT 1 "Pk-1:j";
    .port_info 2 /INPUT 1 "Gi:k";
    .port_info 3 /INPUT 1 "Gk-1:j";
    .port_info 4 /OUTPUT 1 "Pi:j";
    .port_info 5 /OUTPUT 1 "Gi:j";
L_000002e3f7859c00 .functor AND 1, L_000002e3f7858690, L_000002e3f7856ae0, C4<1>, C4<1>;
L_000002e3f78598f0 .functor AND 1, L_000002e3f7858690, L_000002e3f7856220, C4<1>, C4<1>;
L_000002e3f7859dc0 .functor OR 1, L_000002e3f78597a0, L_000002e3f78598f0, C4<0>, C4<0>;
v000002e3f77e35e0_0 .net "Gi:j", 0 0, L_000002e3f7859dc0;  alias, 1 drivers
v000002e3f77e3680_0 .net "Gi:k", 0 0, L_000002e3f78597a0;  alias, 1 drivers
v000002e3f77e4760_0 .net "Gk-1:j", 0 0, L_000002e3f7856220;  alias, 1 drivers
v000002e3f77e3e00_0 .net "Pi:j", 0 0, L_000002e3f7859c00;  alias, 1 drivers
v000002e3f77e37c0_0 .net "Pi:k", 0 0, L_000002e3f7858690;  alias, 1 drivers
v000002e3f77e3860_0 .net "Pk-1:j", 0 0, L_000002e3f7856ae0;  alias, 1 drivers
v000002e3f77e41c0_0 .net *"_ivl_2", 0 0, L_000002e3f78598f0;  1 drivers
S_000002e3f77e5690 .scope module, "15:-1" "Gij" 2 243, 2 46 0, S_000002e3f777da70;
 .timescale -9 -12;
    .port_info 0 /INPUT 1 "Pi:k";
    .port_info 1 /INPUT 1 "Gi:k";
    .port_info 2 /INPUT 1 "Gk-1:j";
    .port_info 3 /OUTPUT 1 "Gi:j";
L_000002e3f78599d0 .functor AND 1, L_000002e3f7808520, L_000002e3f7859e30, C4<1>, C4<1>;
L_000002e3f7859ff0 .functor OR 1, L_000002e3f78080c0, L_000002e3f78599d0, C4<0>, C4<0>;
v000002e3f77e3fe0_0 .net "Gi:j", 0 0, L_000002e3f7859ff0;  alias, 1 drivers
v000002e3f77e4800_0 .net "Gi:k", 0 0, L_000002e3f78080c0;  1 drivers
v000002e3f77e43a0_0 .net "Gk-1:j", 0 0, L_000002e3f7859e30;  alias, 1 drivers
v000002e3f77e4260_0 .net "Pi:k", 0 0, L_000002e3f7808520;  1 drivers
v000002e3f77e39a0_0 .net *"_ivl_0", 0 0, L_000002e3f78599d0;  1 drivers
S_000002e3f77e5370 .scope module, "16:-1" "Gij" 2 253, 2 46 0, S_000002e3f777da70;
 .timescale -9 -12;
    .port_info 0 /INPUT 1 "Pi:k";
    .port_info 1 /INPUT 1 "Gi:k";
    .port_info 2 /INPUT 1 "Gk-1:j";
    .port_info 3 /OUTPUT 1 "Gi:j";
L_000002e3f7858850 .functor AND 1, L_000002e3f7858770, L_000002e3f7859e30, C4<1>, C4<1>;
L_000002e3f7859570 .functor OR 1, L_000002e3f78593b0, L_000002e3f7858850, C4<0>, C4<0>;
v000002e3f77e3900_0 .net "Gi:j", 0 0, L_000002e3f7859570;  alias, 1 drivers
v000002e3f77e3a40_0 .net "Gi:k", 0 0, L_000002e3f78593b0;  alias, 1 drivers
v000002e3f77e3ae0_0 .net "Gk-1:j", 0 0, L_000002e3f7859e30;  alias, 1 drivers
v000002e3f77e4080_0 .net "Pi:k", 0 0, L_000002e3f7858770;  alias, 1 drivers
v000002e3f77e4440_0 .net *"_ivl_0", 0 0, L_000002e3f7858850;  1 drivers
S_000002e3f77e5cd0 .scope module, "16:15" "PijGij" 2 249, 2 53 0, S_000002e3f777da70;
 .timescale -9 -12;
    .port_info 0 /INPUT 1 "Pi:k";
    .port_info 1 /INPUT 1 "Pk-1:j";
    .port_info 2 /INPUT 1 "Gi:k";
    .port_info 3 /INPUT 1 "Gk-1:j";
    .port_info 4 /OUTPUT 1 "Pi:j";
    .port_info 5 /OUTPUT 1 "Gi:j";
L_000002e3f7858770 .functor AND 1, L_000002e3f7808980, L_000002e3f7808de0, C4<1>, C4<1>;
L_000002e3f78587e0 .functor AND 1, L_000002e3f7808980, L_000002e3f7808020, C4<1>, C4<1>;
L_000002e3f78593b0 .functor OR 1, L_000002e3f78096a0, L_000002e3f78587e0, C4<0>, C4<0>;
v000002e3f77e4120_0 .net "Gi:j", 0 0, L_000002e3f78593b0;  alias, 1 drivers
v000002e3f77e30e0_0 .net "Gi:k", 0 0, L_000002e3f78096a0;  1 drivers
v000002e3f77e4300_0 .net "Gk-1:j", 0 0, L_000002e3f7808020;  1 drivers
v000002e3f77e4580_0 .net "Pi:j", 0 0, L_000002e3f7858770;  alias, 1 drivers
v000002e3f77e46c0_0 .net "Pi:k", 0 0, L_000002e3f7808980;  1 drivers
v000002e3f77e2a00_0 .net "Pk-1:j", 0 0, L_000002e3f7808de0;  1 drivers
v000002e3f77e2aa0_0 .net *"_ivl_2", 0 0, L_000002e3f78587e0;  1 drivers
S_000002e3f77e51e0 .scope module, "17:-1" "Gij" 2 263, 2 46 0, S_000002e3f777da70;
 .timescale -9 -12;
    .port_info 0 /INPUT 1 "Pi:k";
    .port_info 1 /INPUT 1 "Gi:k";
    .port_info 2 /INPUT 1 "Gk-1:j";
    .port_info 3 /OUTPUT 1 "Gi:j";
L_000002e3f78589a0 .functor AND 1, L_000002e3f78588c0, L_000002e3f7859e30, C4<1>, C4<1>;
L_000002e3f7859420 .functor OR 1, L_000002e3f7859730, L_000002e3f78589a0, C4<0>, C4<0>;
v000002e3f77e2b40_0 .net "Gi:j", 0 0, L_000002e3f7859420;  alias, 1 drivers
v000002e3f77e2c80_0 .net "Gi:k", 0 0, L_000002e3f7859730;  alias, 1 drivers
v000002e3f77e2d20_0 .net "Gk-1:j", 0 0, L_000002e3f7859e30;  alias, 1 drivers
v000002e3f77e2dc0_0 .net "Pi:k", 0 0, L_000002e3f78588c0;  alias, 1 drivers
v000002e3f77e2e60_0 .net *"_ivl_0", 0 0, L_000002e3f78589a0;  1 drivers
S_000002e3f77e5500 .scope module, "17:15" "PijGij" 2 259, 2 53 0, S_000002e3f777da70;
 .timescale -9 -12;
    .port_info 0 /INPUT 1 "Pi:k";
    .port_info 1 /INPUT 1 "Pk-1:j";
    .port_info 2 /INPUT 1 "Gi:k";
    .port_info 3 /INPUT 1 "Gk-1:j";
    .port_info 4 /OUTPUT 1 "Pi:j";
    .port_info 5 /OUTPUT 1 "Gi:j";
L_000002e3f78588c0 .functor AND 1, L_000002e3f78099c0, L_000002e3f7858770, C4<1>, C4<1>;
L_000002e3f7858930 .functor AND 1, L_000002e3f78099c0, L_000002e3f78593b0, C4<1>, C4<1>;
L_000002e3f7859730 .functor OR 1, L_000002e3f7808f20, L_000002e3f7858930, C4<0>, C4<0>;
v000002e3f77e2f00_0 .net "Gi:j", 0 0, L_000002e3f7859730;  alias, 1 drivers
v000002e3f77e2fa0_0 .net "Gi:k", 0 0, L_000002e3f7808f20;  1 drivers
v000002e3f77e3040_0 .net "Gk-1:j", 0 0, L_000002e3f78593b0;  alias, 1 drivers
v000002e3f77e6c70_0 .net "Pi:j", 0 0, L_000002e3f78588c0;  alias, 1 drivers
v000002e3f77e70d0_0 .net "Pi:k", 0 0, L_000002e3f78099c0;  1 drivers
v000002e3f77e6770_0 .net "Pk-1:j", 0 0, L_000002e3f7858770;  alias, 1 drivers
v000002e3f77e81b0_0 .net *"_ivl_2", 0 0, L_000002e3f7858930;  1 drivers
S_000002e3f77e5050 .scope module, "18:-1" "Gij" 2 277, 2 46 0, S_000002e3f777da70;
 .timescale -9 -12;
    .port_info 0 /INPUT 1 "Pi:k";
    .port_info 1 /INPUT 1 "Gi:k";
    .port_info 2 /INPUT 1 "Gk-1:j";
    .port_info 3 /OUTPUT 1 "Gi:j";
L_000002e3f7858bd0 .functor AND 1, L_000002e3f78595e0, L_000002e3f7859e30, C4<1>, C4<1>;
L_000002e3f7858cb0 .functor OR 1, L_000002e3f7858b60, L_000002e3f7858bd0, C4<0>, C4<0>;
v000002e3f77e7350_0 .net "Gi:j", 0 0, L_000002e3f7858cb0;  alias, 1 drivers
v000002e3f77e7e90_0 .net "Gi:k", 0 0, L_000002e3f7858b60;  alias, 1 drivers
v000002e3f77e73f0_0 .net "Gk-1:j", 0 0, L_000002e3f7859e30;  alias, 1 drivers
v000002e3f77e6590_0 .net "Pi:k", 0 0, L_000002e3f78595e0;  alias, 1 drivers
v000002e3f77e6b30_0 .net *"_ivl_0", 0 0, L_000002e3f7858bd0;  1 drivers
S_000002e3f77e5b40 .scope module, "18:15" "PijGij" 2 273, 2 53 0, S_000002e3f777da70;
 .timescale -9 -12;
    .port_info 0 /INPUT 1 "Pi:k";
    .port_info 1 /INPUT 1 "Pk-1:j";
    .port_info 2 /INPUT 1 "Gi:k";
    .port_info 3 /INPUT 1 "Gk-1:j";
    .port_info 4 /OUTPUT 1 "Pi:j";
    .port_info 5 /OUTPUT 1 "Gi:j";
L_000002e3f78595e0 .functor AND 1, L_000002e3f7858af0, L_000002e3f7858770, C4<1>, C4<1>;
L_000002e3f7859030 .functor AND 1, L_000002e3f7858af0, L_000002e3f78593b0, C4<1>, C4<1>;
L_000002e3f7858b60 .functor OR 1, L_000002e3f7858fc0, L_000002e3f7859030, C4<0>, C4<0>;
v000002e3f77e61d0_0 .net "Gi:j", 0 0, L_000002e3f7858b60;  alias, 1 drivers
v000002e3f77e6450_0 .net "Gi:k", 0 0, L_000002e3f7858fc0;  alias, 1 drivers
v000002e3f77e8110_0 .net "Gk-1:j", 0 0, L_000002e3f78593b0;  alias, 1 drivers
v000002e3f77e6d10_0 .net "Pi:j", 0 0, L_000002e3f78595e0;  alias, 1 drivers
v000002e3f77e86b0_0 .net "Pi:k", 0 0, L_000002e3f7858af0;  alias, 1 drivers
v000002e3f77e5ff0_0 .net "Pk-1:j", 0 0, L_000002e3f7858770;  alias, 1 drivers
v000002e3f77e7c10_0 .net *"_ivl_2", 0 0, L_000002e3f7859030;  1 drivers
S_000002e3f77e4ec0 .scope module, "18:17" "PijGij" 2 269, 2 53 0, S_000002e3f777da70;
 .timescale -9 -12;
    .port_info 0 /INPUT 1 "Pi:k";
    .port_info 1 /INPUT 1 "Pk-1:j";
    .port_info 2 /INPUT 1 "Gi:k";
    .port_info 3 /INPUT 1 "Gk-1:j";
    .port_info 4 /OUTPUT 1 "Pi:j";
    .port_info 5 /OUTPUT 1 "Gi:j";
L_000002e3f7858af0 .functor AND 1, L_000002e3f7809240, L_000002e3f7809d80, C4<1>, C4<1>;
L_000002e3f78591f0 .functor AND 1, L_000002e3f7809240, L_000002e3f7808160, C4<1>, C4<1>;
L_000002e3f7858fc0 .functor OR 1, L_000002e3f7809740, L_000002e3f78591f0, C4<0>, C4<0>;
v000002e3f77e6630_0 .net "Gi:j", 0 0, L_000002e3f7858fc0;  alias, 1 drivers
v000002e3f77e8250_0 .net "Gi:k", 0 0, L_000002e3f7809740;  1 drivers
v000002e3f77e7170_0 .net "Gk-1:j", 0 0, L_000002e3f7808160;  1 drivers
v000002e3f77e6090_0 .net "Pi:j", 0 0, L_000002e3f7858af0;  alias, 1 drivers
v000002e3f77e66d0_0 .net "Pi:k", 0 0, L_000002e3f7809240;  1 drivers
v000002e3f77e7a30_0 .net "Pk-1:j", 0 0, L_000002e3f7809d80;  1 drivers
v000002e3f77e7b70_0 .net *"_ivl_2", 0 0, L_000002e3f78591f0;  1 drivers
S_000002e3f77e5820 .scope module, "19:-1" "Gij" 2 287, 2 46 0, S_000002e3f777da70;
 .timescale -9 -12;
    .port_info 0 /INPUT 1 "Pi:k";
    .port_info 1 /INPUT 1 "Gi:k";
    .port_info 2 /INPUT 1 "Gk-1:j";
    .port_info 3 /OUTPUT 1 "Gi:j";
L_000002e3f7859a40 .functor AND 1, L_000002e3f7859880, L_000002e3f7859e30, C4<1>, C4<1>;
L_000002e3f785a1b0 .functor OR 1, L_000002e3f78590a0, L_000002e3f7859a40, C4<0>, C4<0>;
v000002e3f77e82f0_0 .net "Gi:j", 0 0, L_000002e3f785a1b0;  alias, 1 drivers
v000002e3f77e6db0_0 .net "Gi:k", 0 0, L_000002e3f78590a0;  alias, 1 drivers
v000002e3f77e7cb0_0 .net "Gk-1:j", 0 0, L_000002e3f7859e30;  alias, 1 drivers
v000002e3f77e6130_0 .net "Pi:k", 0 0, L_000002e3f7859880;  alias, 1 drivers
v000002e3f77e7d50_0 .net *"_ivl_0", 0 0, L_000002e3f7859a40;  1 drivers
S_000002e3f77e59b0 .scope module, "19:15" "PijGij" 2 283, 2 53 0, S_000002e3f777da70;
 .timescale -9 -12;
    .port_info 0 /INPUT 1 "Pi:k";
    .port_info 1 /INPUT 1 "Pk-1:j";
    .port_info 2 /INPUT 1 "Gi:k";
    .port_info 3 /INPUT 1 "Gk-1:j";
    .port_info 4 /OUTPUT 1 "Pi:j";
    .port_info 5 /OUTPUT 1 "Gi:j";
L_000002e3f7859880 .functor AND 1, L_000002e3f7808340, L_000002e3f78595e0, C4<1>, C4<1>;
L_000002e3f7859960 .functor AND 1, L_000002e3f7808340, L_000002e3f7858b60, C4<1>, C4<1>;
L_000002e3f78590a0 .functor OR 1, L_000002e3f780a0a0, L_000002e3f7859960, C4<0>, C4<0>;
v000002e3f77e7210_0 .net "Gi:j", 0 0, L_000002e3f78590a0;  alias, 1 drivers
v000002e3f77e6270_0 .net "Gi:k", 0 0, L_000002e3f780a0a0;  1 drivers
v000002e3f77e7f30_0 .net "Gk-1:j", 0 0, L_000002e3f7858b60;  alias, 1 drivers
v000002e3f77e8610_0 .net "Pi:j", 0 0, L_000002e3f7859880;  alias, 1 drivers
v000002e3f77e75d0_0 .net "Pi:k", 0 0, L_000002e3f7808340;  1 drivers
v000002e3f77e6bd0_0 .net "Pk-1:j", 0 0, L_000002e3f78595e0;  alias, 1 drivers
v000002e3f77e8390_0 .net *"_ivl_2", 0 0, L_000002e3f7859960;  1 drivers
S_000002e3f77ecfa0 .scope module, "1:-1" "Gij" 2 91, 2 46 0, S_000002e3f777da70;
 .timescale -9 -12;
    .port_info 0 /INPUT 1 "Pi:k";
    .port_info 1 /INPUT 1 "Gi:k";
    .port_info 2 /INPUT 1 "Gk-1:j";
    .port_info 3 /OUTPUT 1 "Gi:j";
L_000002e3f77e1ba0 .functor AND 1, L_000002e3f7805c80, L_000002e3f77e2380, C4<1>, C4<1>;
L_000002e3f77e2460 .functor OR 1, L_000002e3f7806e00, L_000002e3f77e1ba0, C4<0>, C4<0>;
v000002e3f77e7df0_0 .net "Gi:j", 0 0, L_000002e3f77e2460;  alias, 1 drivers
v000002e3f77e8570_0 .net "Gi:k", 0 0, L_000002e3f7806e00;  1 drivers
v000002e3f77e7030_0 .net "Gk-1:j", 0 0, L_000002e3f77e2380;  alias, 1 drivers
v000002e3f77e6e50_0 .net "Pi:k", 0 0, L_000002e3f7805c80;  1 drivers
v000002e3f77e8430_0 .net *"_ivl_0", 0 0, L_000002e3f77e1ba0;  1 drivers
S_000002e3f77ed2c0 .scope module, "20:-1" "Gij" 2 301, 2 46 0, S_000002e3f777da70;
 .timescale -9 -12;
    .port_info 0 /INPUT 1 "Pi:k";
    .port_info 1 /INPUT 1 "Gi:k";
    .port_info 2 /INPUT 1 "Gk-1:j";
    .port_info 3 /OUTPUT 1 "Gi:j";
L_000002e3f7861e70 .functor AND 1, L_000002e3f785a290, L_000002e3f7859e30, C4<1>, C4<1>;
L_000002e3f7861770 .functor OR 1, L_000002e3f7861620, L_000002e3f7861e70, C4<0>, C4<0>;
v000002e3f77e6810_0 .net "Gi:j", 0 0, L_000002e3f7861770;  alias, 1 drivers
v000002e3f77e6310_0 .net "Gi:k", 0 0, L_000002e3f7861620;  alias, 1 drivers
v000002e3f77e7490_0 .net "Gk-1:j", 0 0, L_000002e3f7859e30;  alias, 1 drivers
v000002e3f77e68b0_0 .net "Pi:k", 0 0, L_000002e3f785a290;  alias, 1 drivers
v000002e3f77e69f0_0 .net *"_ivl_0", 0 0, L_000002e3f7861e70;  1 drivers
S_000002e3f77ec960 .scope module, "20:15" "PijGij" 2 297, 2 53 0, S_000002e3f777da70;
 .timescale -9 -12;
    .port_info 0 /INPUT 1 "Pi:k";
    .port_info 1 /INPUT 1 "Pk-1:j";
    .port_info 2 /INPUT 1 "Gi:k";
    .port_info 3 /INPUT 1 "Gk-1:j";
    .port_info 4 /OUTPUT 1 "Pi:j";
    .port_info 5 /OUTPUT 1 "Gi:j";
L_000002e3f785a290 .functor AND 1, L_000002e3f785a220, L_000002e3f78595e0, C4<1>, C4<1>;
L_000002e3f785a300 .functor AND 1, L_000002e3f785a220, L_000002e3f7858b60, C4<1>, C4<1>;
L_000002e3f7861620 .functor OR 1, L_000002e3f785a3e0, L_000002e3f785a300, C4<0>, C4<0>;
v000002e3f77e8070_0 .net "Gi:j", 0 0, L_000002e3f7861620;  alias, 1 drivers
v000002e3f77e7fd0_0 .net "Gi:k", 0 0, L_000002e3f785a3e0;  alias, 1 drivers
v000002e3f77e84d0_0 .net "Gk-1:j", 0 0, L_000002e3f7858b60;  alias, 1 drivers
v000002e3f77e63b0_0 .net "Pi:j", 0 0, L_000002e3f785a290;  alias, 1 drivers
v000002e3f77e7670_0 .net "Pi:k", 0 0, L_000002e3f785a220;  alias, 1 drivers
v000002e3f77e6a90_0 .net "Pk-1:j", 0 0, L_000002e3f78595e0;  alias, 1 drivers
v000002e3f77e6ef0_0 .net *"_ivl_2", 0 0, L_000002e3f785a300;  1 drivers
S_000002e3f77ecaf0 .scope module, "20:19" "PijGij" 2 293, 2 53 0, S_000002e3f777da70;
 .timescale -9 -12;
    .port_info 0 /INPUT 1 "Pi:k";
    .port_info 1 /INPUT 1 "Pk-1:j";
    .port_info 2 /INPUT 1 "Gi:k";
    .port_info 3 /INPUT 1 "Gk-1:j";
    .port_info 4 /OUTPUT 1 "Pi:j";
    .port_info 5 /OUTPUT 1 "Gi:j";
L_000002e3f785a220 .functor AND 1, L_000002e3f78097e0, L_000002e3f7807a80, C4<1>, C4<1>;
L_000002e3f785a4c0 .functor AND 1, L_000002e3f78097e0, L_000002e3f7809380, C4<1>, C4<1>;
L_000002e3f785a3e0 .functor OR 1, L_000002e3f7808200, L_000002e3f785a4c0, C4<0>, C4<0>;
v000002e3f77e72b0_0 .net "Gi:j", 0 0, L_000002e3f785a3e0;  alias, 1 drivers
v000002e3f77e7530_0 .net "Gi:k", 0 0, L_000002e3f7808200;  1 drivers
v000002e3f77e6950_0 .net "Gk-1:j", 0 0, L_000002e3f7809380;  1 drivers
v000002e3f77e6f90_0 .net "Pi:j", 0 0, L_000002e3f785a220;  alias, 1 drivers
v000002e3f77e64f0_0 .net "Pi:k", 0 0, L_000002e3f78097e0;  1 drivers
v000002e3f77e7710_0 .net "Pk-1:j", 0 0, L_000002e3f7807a80;  1 drivers
v000002e3f77e77b0_0 .net *"_ivl_2", 0 0, L_000002e3f785a4c0;  1 drivers
S_000002e3f77ed770 .scope module, "21:-1" "Gij" 2 315, 2 46 0, S_000002e3f777da70;
 .timescale -9 -12;
    .port_info 0 /INPUT 1 "Pi:k";
    .port_info 1 /INPUT 1 "Gi:k";
    .port_info 2 /INPUT 1 "Gk-1:j";
    .port_info 3 /OUTPUT 1 "Gi:j";
L_000002e3f7861fc0 .functor AND 1, L_000002e3f7861310, L_000002e3f7859e30, C4<1>, C4<1>;
L_000002e3f78619a0 .functor OR 1, L_000002e3f78628f0, L_000002e3f7861fc0, C4<0>, C4<0>;
v000002e3f77e7850_0 .net "Gi:j", 0 0, L_000002e3f78619a0;  alias, 1 drivers
v000002e3f77e78f0_0 .net "Gi:k", 0 0, L_000002e3f78628f0;  alias, 1 drivers
v000002e3f77e7990_0 .net "Gk-1:j", 0 0, L_000002e3f7859e30;  alias, 1 drivers
v000002e3f77e7ad0_0 .net "Pi:k", 0 0, L_000002e3f7861310;  alias, 1 drivers
v000002e3f77e8750_0 .net *"_ivl_0", 0 0, L_000002e3f7861fc0;  1 drivers
S_000002e3f77ed130 .scope module, "21:15" "PijGij" 2 311, 2 53 0, S_000002e3f777da70;
 .timescale -9 -12;
    .port_info 0 /INPUT 1 "Pi:k";
    .port_info 1 /INPUT 1 "Pk-1:j";
    .port_info 2 /INPUT 1 "Gi:k";
    .port_info 3 /INPUT 1 "Gk-1:j";
    .port_info 4 /OUTPUT 1 "Pi:j";
    .port_info 5 /OUTPUT 1 "Gi:j";
L_000002e3f7861310 .functor AND 1, L_000002e3f7862c00, L_000002e3f78595e0, C4<1>, C4<1>;
L_000002e3f7861380 .functor AND 1, L_000002e3f7862c00, L_000002e3f7858b60, C4<1>, C4<1>;
L_000002e3f78628f0 .functor OR 1, L_000002e3f78623b0, L_000002e3f7861380, C4<0>, C4<0>;
v000002e3f77e93d0_0 .net "Gi:j", 0 0, L_000002e3f78628f0;  alias, 1 drivers
v000002e3f77e9150_0 .net "Gi:k", 0 0, L_000002e3f78623b0;  alias, 1 drivers
v000002e3f77e90b0_0 .net "Gk-1:j", 0 0, L_000002e3f7858b60;  alias, 1 drivers
v000002e3f77e8f70_0 .net "Pi:j", 0 0, L_000002e3f7861310;  alias, 1 drivers
v000002e3f77e98d0_0 .net "Pi:k", 0 0, L_000002e3f7862c00;  alias, 1 drivers
v000002e3f77e8c50_0 .net "Pk-1:j", 0 0, L_000002e3f78595e0;  alias, 1 drivers
v000002e3f77e8cf0_0 .net *"_ivl_2", 0 0, L_000002e3f7861380;  1 drivers
S_000002e3f77ecc80 .scope module, "21:19" "PijGij" 2 307, 2 53 0, S_000002e3f777da70;
 .timescale -9 -12;
    .port_info 0 /INPUT 1 "Pi:k";
    .port_info 1 /INPUT 1 "Pk-1:j";
    .port_info 2 /INPUT 1 "Gi:k";
    .port_info 3 /INPUT 1 "Gk-1:j";
    .port_info 4 /OUTPUT 1 "Pi:j";
    .port_info 5 /OUTPUT 1 "Gi:j";
L_000002e3f7862c00 .functor AND 1, L_000002e3f78083e0, L_000002e3f785a220, C4<1>, C4<1>;
L_000002e3f7861bd0 .functor AND 1, L_000002e3f78083e0, L_000002e3f785a3e0, C4<1>, C4<1>;
L_000002e3f78623b0 .functor OR 1, L_000002e3f7809880, L_000002e3f7861bd0, C4<0>, C4<0>;
v000002e3f77e96f0_0 .net "Gi:j", 0 0, L_000002e3f78623b0;  alias, 1 drivers
v000002e3f77e9650_0 .net "Gi:k", 0 0, L_000002e3f7809880;  1 drivers
v000002e3f77e9010_0 .net "Gk-1:j", 0 0, L_000002e3f785a3e0;  alias, 1 drivers
v000002e3f77e8930_0 .net "Pi:j", 0 0, L_000002e3f7862c00;  alias, 1 drivers
v000002e3f77e9dd0_0 .net "Pi:k", 0 0, L_000002e3f78083e0;  1 drivers
v000002e3f77e9790_0 .net "Pk-1:j", 0 0, L_000002e3f785a220;  alias, 1 drivers
v000002e3f77e9ab0_0 .net *"_ivl_2", 0 0, L_000002e3f7861bd0;  1 drivers
S_000002e3f77ece10 .scope module, "22:-1" "Gij" 2 333, 2 46 0, S_000002e3f777da70;
 .timescale -9 -12;
    .port_info 0 /INPUT 1 "Pi:k";
    .port_info 1 /INPUT 1 "Gi:k";
    .port_info 2 /INPUT 1 "Gk-1:j";
    .port_info 3 /OUTPUT 1 "Gi:j";
L_000002e3f78613f0 .functor AND 1, L_000002e3f7862260, L_000002e3f7859e30, C4<1>, C4<1>;
L_000002e3f7861b60 .functor OR 1, L_000002e3f78629d0, L_000002e3f78613f0, C4<0>, C4<0>;
v000002e3f77e9470_0 .net "Gi:j", 0 0, L_000002e3f7861b60;  alias, 1 drivers
v000002e3f77e91f0_0 .net "Gi:k", 0 0, L_000002e3f78629d0;  alias, 1 drivers
v000002e3f77e9e70_0 .net "Gk-1:j", 0 0, L_000002e3f7859e30;  alias, 1 drivers
v000002e3f77e87f0_0 .net "Pi:k", 0 0, L_000002e3f7862260;  alias, 1 drivers
v000002e3f77e9290_0 .net *"_ivl_0", 0 0, L_000002e3f78613f0;  1 drivers
S_000002e3f77ed450 .scope module, "22:15" "PijGij" 2 329, 2 53 0, S_000002e3f777da70;
 .timescale -9 -12;
    .port_info 0 /INPUT 1 "Pi:k";
    .port_info 1 /INPUT 1 "Pk-1:j";
    .port_info 2 /INPUT 1 "Gi:k";
    .port_info 3 /INPUT 1 "Gk-1:j";
    .port_info 4 /OUTPUT 1 "Pi:j";
    .port_info 5 /OUTPUT 1 "Gi:j";
L_000002e3f7862260 .functor AND 1, L_000002e3f7861230, L_000002e3f78595e0, C4<1>, C4<1>;
L_000002e3f7861d90 .functor AND 1, L_000002e3f7861230, L_000002e3f7858b60, C4<1>, C4<1>;
L_000002e3f78629d0 .functor OR 1, L_000002e3f7862420, L_000002e3f7861d90, C4<0>, C4<0>;
v000002e3f77e9c90_0 .net "Gi:j", 0 0, L_000002e3f78629d0;  alias, 1 drivers
v000002e3f77e9b50_0 .net "Gi:k", 0 0, L_000002e3f7862420;  alias, 1 drivers
v000002e3f77e8e30_0 .net "Gk-1:j", 0 0, L_000002e3f7858b60;  alias, 1 drivers
v000002e3f77e8890_0 .net "Pi:j", 0 0, L_000002e3f7862260;  alias, 1 drivers
v000002e3f77e9830_0 .net "Pi:k", 0 0, L_000002e3f7861230;  alias, 1 drivers
v000002e3f77e9510_0 .net "Pk-1:j", 0 0, L_000002e3f78595e0;  alias, 1 drivers
v000002e3f77e8d90_0 .net *"_ivl_2", 0 0, L_000002e3f7861d90;  1 drivers
S_000002e3f77ec7d0 .scope module, "22:19" "PijGij" 2 325, 2 53 0, S_000002e3f777da70;
 .timescale -9 -12;
    .port_info 0 /INPUT 1 "Pi:k";
    .port_info 1 /INPUT 1 "Pk-1:j";
    .port_info 2 /INPUT 1 "Gi:k";
    .port_info 3 /INPUT 1 "Gk-1:j";
    .port_info 4 /OUTPUT 1 "Pi:j";
    .port_info 5 /OUTPUT 1 "Gi:j";
L_000002e3f7861230 .functor AND 1, L_000002e3f7861af0, L_000002e3f785a220, C4<1>, C4<1>;
L_000002e3f7861d20 .functor AND 1, L_000002e3f7861af0, L_000002e3f785a3e0, C4<1>, C4<1>;
L_000002e3f7862420 .functor OR 1, L_000002e3f78617e0, L_000002e3f7861d20, C4<0>, C4<0>;
v000002e3f77e9d30_0 .net "Gi:j", 0 0, L_000002e3f7862420;  alias, 1 drivers
v000002e3f77e9a10_0 .net "Gi:k", 0 0, L_000002e3f78617e0;  alias, 1 drivers
v000002e3f77e89d0_0 .net "Gk-1:j", 0 0, L_000002e3f785a3e0;  alias, 1 drivers
v000002e3f77e8ed0_0 .net "Pi:j", 0 0, L_000002e3f7861230;  alias, 1 drivers
v000002e3f77e9330_0 .net "Pi:k", 0 0, L_000002e3f7861af0;  alias, 1 drivers
v000002e3f77e95b0_0 .net "Pk-1:j", 0 0, L_000002e3f785a220;  alias, 1 drivers
v000002e3f77e9970_0 .net *"_ivl_2", 0 0, L_000002e3f7861d20;  1 drivers
S_000002e3f77eda90 .scope module, "22:21" "PijGij" 2 321, 2 53 0, S_000002e3f777da70;
 .timescale -9 -12;
    .port_info 0 /INPUT 1 "Pi:k";
    .port_info 1 /INPUT 1 "Pk-1:j";
    .port_info 2 /INPUT 1 "Gi:k";
    .port_info 3 /INPUT 1 "Gk-1:j";
    .port_info 4 /OUTPUT 1 "Pi:j";
    .port_info 5 /OUTPUT 1 "Gi:j";
L_000002e3f7861af0 .functor AND 1, L_000002e3f780ab40, L_000002e3f780a460, C4<1>, C4<1>;
L_000002e3f78611c0 .functor AND 1, L_000002e3f780ab40, L_000002e3f780ba40, C4<1>, C4<1>;
L_000002e3f78617e0 .functor OR 1, L_000002e3f780c800, L_000002e3f78611c0, C4<0>, C4<0>;
v000002e3f77e8b10_0 .net "Gi:j", 0 0, L_000002e3f78617e0;  alias, 1 drivers
v000002e3f77e8a70_0 .net "Gi:k", 0 0, L_000002e3f780c800;  1 drivers
v000002e3f77e9bf0_0 .net "Gk-1:j", 0 0, L_000002e3f780ba40;  1 drivers
v000002e3f77e8bb0_0 .net "Pi:j", 0 0, L_000002e3f7861af0;  alias, 1 drivers
v000002e3f77f1390_0 .net "Pi:k", 0 0, L_000002e3f780ab40;  1 drivers
v000002e3f77f19d0_0 .net "Pk-1:j", 0 0, L_000002e3f780a460;  1 drivers
v000002e3f77f1d90_0 .net *"_ivl_2", 0 0, L_000002e3f78611c0;  1 drivers
S_000002e3f77edc20 .scope module, "2:-1" "Gij" 2 101, 2 46 0, S_000002e3f777da70;
 .timescale -9 -12;
    .port_info 0 /INPUT 1 "Pi:k";
    .port_info 1 /INPUT 1 "Gi:k";
    .port_info 2 /INPUT 1 "Gk-1:j";
    .port_info 3 /OUTPUT 1 "Gi:j";
L_000002e3f7856d10 .functor AND 1, L_000002e3f7856530, L_000002e3f77e2380, C4<1>, C4<1>;
L_000002e3f7856680 .functor OR 1, L_000002e3f7855340, L_000002e3f7856d10, C4<0>, C4<0>;
v000002e3f77f1a70_0 .net "Gi:j", 0 0, L_000002e3f7856680;  alias, 1 drivers
v000002e3f77f1c50_0 .net "Gi:k", 0 0, L_000002e3f7855340;  alias, 1 drivers
v000002e3f77f1b10_0 .net "Gk-1:j", 0 0, L_000002e3f77e2380;  alias, 1 drivers
v000002e3f77f1ed0_0 .net "Pi:k", 0 0, L_000002e3f7856530;  alias, 1 drivers
v000002e3f77f17f0_0 .net *"_ivl_0", 0 0, L_000002e3f7856d10;  1 drivers
S_000002e3f77ed5e0 .scope module, "2:1" "PijGij" 2 97, 2 53 0, S_000002e3f777da70;
 .timescale -9 -12;
    .port_info 0 /INPUT 1 "Pi:k";
    .port_info 1 /INPUT 1 "Pk-1:j";
    .port_info 2 /INPUT 1 "Gi:k";
    .port_info 3 /INPUT 1 "Gk-1:j";
    .port_info 4 /OUTPUT 1 "Pi:j";
    .port_info 5 /OUTPUT 1 "Gi:j";
L_000002e3f7856530 .functor AND 1, L_000002e3f7806720, L_000002e3f7806900, C4<1>, C4<1>;
L_000002e3f7855d50 .functor AND 1, L_000002e3f7806720, L_000002e3f7807940, C4<1>, C4<1>;
L_000002e3f7855340 .functor OR 1, L_000002e3f78071c0, L_000002e3f7855d50, C4<0>, C4<0>;
v000002e3f77f1070_0 .net "Gi:j", 0 0, L_000002e3f7855340;  alias, 1 drivers
v000002e3f77f16b0_0 .net "Gi:k", 0 0, L_000002e3f78071c0;  1 drivers
v000002e3f77f0e90_0 .net "Gk-1:j", 0 0, L_000002e3f7807940;  1 drivers
v000002e3f77f1cf0_0 .net "Pi:j", 0 0, L_000002e3f7856530;  alias, 1 drivers
v000002e3f77f0f30_0 .net "Pi:k", 0 0, L_000002e3f7806720;  1 drivers
v000002e3f77f1e30_0 .net "Pk-1:j", 0 0, L_000002e3f7806900;  1 drivers
v000002e3f77f11b0_0 .net *"_ivl_2", 0 0, L_000002e3f7855d50;  1 drivers
S_000002e3f77ec190 .scope module, "3:-1" "Gij" 2 107, 2 46 0, S_000002e3f777da70;
 .timescale -9 -12;
    .port_info 0 /INPUT 1 "Pi:k";
    .port_info 1 /INPUT 1 "Gi:k";
    .port_info 2 /INPUT 1 "Gk-1:j";
    .port_info 3 /OUTPUT 1 "Gi:j";
L_000002e3f7856c30 .functor AND 1, L_000002e3f7806220, L_000002e3f7856680, C4<1>, C4<1>;
L_000002e3f7855f10 .functor OR 1, L_000002e3f7807620, L_000002e3f7856c30, C4<0>, C4<0>;
v000002e3f77f1f70_0 .net "Gi:j", 0 0, L_000002e3f7855f10;  alias, 1 drivers
v000002e3f77f1430_0 .net "Gi:k", 0 0, L_000002e3f7807620;  1 drivers
v000002e3f77f0fd0_0 .net "Gk-1:j", 0 0, L_000002e3f7856680;  alias, 1 drivers
v000002e3f77f0df0_0 .net "Pi:k", 0 0, L_000002e3f7806220;  1 drivers
v000002e3f77f2010_0 .net *"_ivl_0", 0 0, L_000002e3f7856c30;  1 drivers
S_000002e3f77ec320 .scope module, "4:-1" "Gij" 2 117, 2 46 0, S_000002e3f777da70;
 .timescale -9 -12;
    .port_info 0 /INPUT 1 "Pi:k";
    .port_info 1 /INPUT 1 "Gi:k";
    .port_info 2 /INPUT 1 "Gk-1:j";
    .port_info 3 /OUTPUT 1 "Gi:j";
L_000002e3f78561b0 .functor AND 1, L_000002e3f78553b0, L_000002e3f7856680, C4<1>, C4<1>;
L_000002e3f7856d80 .functor OR 1, L_000002e3f7855650, L_000002e3f78561b0, C4<0>, C4<0>;
v000002e3f77f1110_0 .net "Gi:j", 0 0, L_000002e3f7856d80;  alias, 1 drivers
v000002e3f77f14d0_0 .net "Gi:k", 0 0, L_000002e3f7855650;  alias, 1 drivers
v000002e3f77f0a30_0 .net "Gk-1:j", 0 0, L_000002e3f7856680;  alias, 1 drivers
v000002e3f77f1250_0 .net "Pi:k", 0 0, L_000002e3f78553b0;  alias, 1 drivers
v000002e3f77f20b0_0 .net *"_ivl_0", 0 0, L_000002e3f78561b0;  1 drivers
S_000002e3f77ed900 .scope module, "4:3" "PijGij" 2 113, 2 53 0, S_000002e3f777da70;
 .timescale -9 -12;
    .port_info 0 /INPUT 1 "Pi:k";
    .port_info 1 /INPUT 1 "Pk-1:j";
    .port_info 2 /INPUT 1 "Gi:k";
    .port_info 3 /INPUT 1 "Gk-1:j";
    .port_info 4 /OUTPUT 1 "Pi:j";
    .port_info 5 /OUTPUT 1 "Gi:j";
L_000002e3f78553b0 .functor AND 1, L_000002e3f78053c0, L_000002e3f7805dc0, C4<1>, C4<1>;
L_000002e3f78565a0 .functor AND 1, L_000002e3f78053c0, L_000002e3f78067c0, C4<1>, C4<1>;
L_000002e3f7855650 .functor OR 1, L_000002e3f7807760, L_000002e3f78565a0, C4<0>, C4<0>;
v000002e3f77f12f0_0 .net "Gi:j", 0 0, L_000002e3f7855650;  alias, 1 drivers
v000002e3f77f0ad0_0 .net "Gi:k", 0 0, L_000002e3f7807760;  1 drivers
v000002e3f77f1570_0 .net "Gk-1:j", 0 0, L_000002e3f78067c0;  1 drivers
v000002e3f77f1bb0_0 .net "Pi:j", 0 0, L_000002e3f78553b0;  alias, 1 drivers
v000002e3f77f0b70_0 .net "Pi:k", 0 0, L_000002e3f78053c0;  1 drivers
v000002e3f77f1610_0 .net "Pk-1:j", 0 0, L_000002e3f7805dc0;  1 drivers
v000002e3f77f1750_0 .net *"_ivl_2", 0 0, L_000002e3f78565a0;  1 drivers
S_000002e3f77eddb0 .scope module, "5:-1" "Gij" 2 127, 2 46 0, S_000002e3f777da70;
 .timescale -9 -12;
    .port_info 0 /INPUT 1 "Pi:k";
    .port_info 1 /INPUT 1 "Gi:k";
    .port_info 2 /INPUT 1 "Gk-1:j";
    .port_info 3 /OUTPUT 1 "Gi:j";
L_000002e3f7855ce0 .functor AND 1, L_000002e3f78568b0, L_000002e3f7856680, C4<1>, C4<1>;
L_000002e3f78566f0 .functor OR 1, L_000002e3f7855f80, L_000002e3f7855ce0, C4<0>, C4<0>;
v000002e3f77f0c10_0 .net "Gi:j", 0 0, L_000002e3f78566f0;  alias, 1 drivers
v000002e3f77f0cb0_0 .net "Gi:k", 0 0, L_000002e3f7855f80;  alias, 1 drivers
v000002e3f77f0d50_0 .net "Gk-1:j", 0 0, L_000002e3f7856680;  alias, 1 drivers
v000002e3f77f1890_0 .net "Pi:k", 0 0, L_000002e3f78568b0;  alias, 1 drivers
v000002e3f77f1930_0 .net *"_ivl_0", 0 0, L_000002e3f7855ce0;  1 drivers
S_000002e3f77ec000 .scope module, "5:3" "PijGij" 2 123, 2 53 0, S_000002e3f777da70;
 .timescale -9 -12;
    .port_info 0 /INPUT 1 "Pi:k";
    .port_info 1 /INPUT 1 "Pk-1:j";
    .port_info 2 /INPUT 1 "Gi:k";
    .port_info 3 /INPUT 1 "Gk-1:j";
    .port_info 4 /OUTPUT 1 "Pi:j";
    .port_info 5 /OUTPUT 1 "Gi:j";
L_000002e3f78568b0 .functor AND 1, L_000002e3f7806540, L_000002e3f78553b0, C4<1>, C4<1>;
L_000002e3f78556c0 .functor AND 1, L_000002e3f7806540, L_000002e3f7855650, C4<1>, C4<1>;
L_000002e3f7855f80 .functor OR 1, L_000002e3f7805820, L_000002e3f78556c0, C4<0>, C4<0>;
v000002e3f77f08f0_0 .net "Gi:j", 0 0, L_000002e3f7855f80;  alias, 1 drivers
v000002e3f77eed70_0 .net "Gi:k", 0 0, L_000002e3f7805820;  1 drivers
v000002e3f77ef4f0_0 .net "Gk-1:j", 0 0, L_000002e3f7855650;  alias, 1 drivers
v000002e3f77eeeb0_0 .net "Pi:j", 0 0, L_000002e3f78568b0;  alias, 1 drivers
v000002e3f77ef590_0 .net "Pi:k", 0 0, L_000002e3f7806540;  1 drivers
v000002e3f77ef310_0 .net "Pk-1:j", 0 0, L_000002e3f78553b0;  alias, 1 drivers
v000002e3f77ee690_0 .net *"_ivl_2", 0 0, L_000002e3f78556c0;  1 drivers
S_000002e3f77ec4b0 .scope module, "6:-1" "Gij" 2 141, 2 46 0, S_000002e3f777da70;
 .timescale -9 -12;
    .port_info 0 /INPUT 1 "Pi:k";
    .port_info 1 /INPUT 1 "Gi:k";
    .port_info 2 /INPUT 1 "Gk-1:j";
    .port_info 3 /OUTPUT 1 "Gi:j";
L_000002e3f7855880 .functor AND 1, L_000002e3f7855a40, L_000002e3f7856680, C4<1>, C4<1>;
L_000002e3f7856760 .functor OR 1, L_000002e3f7855420, L_000002e3f7855880, C4<0>, C4<0>;
v000002e3f77eef50_0 .net "Gi:j", 0 0, L_000002e3f7856760;  alias, 1 drivers
v000002e3f77f0850_0 .net "Gi:k", 0 0, L_000002e3f7855420;  alias, 1 drivers
v000002e3f77f0710_0 .net "Gk-1:j", 0 0, L_000002e3f7856680;  alias, 1 drivers
v000002e3f77eee10_0 .net "Pi:k", 0 0, L_000002e3f7855a40;  alias, 1 drivers
v000002e3f77f0530_0 .net *"_ivl_0", 0 0, L_000002e3f7855880;  1 drivers
S_000002e3f77ec640 .scope module, "6:3" "PijGij" 2 137, 2 53 0, S_000002e3f777da70;
 .timescale -9 -12;
    .port_info 0 /INPUT 1 "Pi:k";
    .port_info 1 /INPUT 1 "Pk-1:j";
    .port_info 2 /INPUT 1 "Gi:k";
    .port_info 3 /INPUT 1 "Gk-1:j";
    .port_info 4 /OUTPUT 1 "Pi:j";
    .port_info 5 /OUTPUT 1 "Gi:j";
L_000002e3f7855a40 .functor AND 1, L_000002e3f7855490, L_000002e3f78553b0, C4<1>, C4<1>;
L_000002e3f7856990 .functor AND 1, L_000002e3f7855490, L_000002e3f7855650, C4<1>, C4<1>;
L_000002e3f7855420 .functor OR 1, L_000002e3f78559d0, L_000002e3f7856990, C4<0>, C4<0>;
v000002e3f77ef9f0_0 .net "Gi:j", 0 0, L_000002e3f7855420;  alias, 1 drivers
v000002e3f77ef630_0 .net "Gi:k", 0 0, L_000002e3f78559d0;  alias, 1 drivers
v000002e3f77efa90_0 .net "Gk-1:j", 0 0, L_000002e3f7855650;  alias, 1 drivers
v000002e3f77eeb90_0 .net "Pi:j", 0 0, L_000002e3f7855a40;  alias, 1 drivers
v000002e3f77eea50_0 .net "Pi:k", 0 0, L_000002e3f7855490;  alias, 1 drivers
v000002e3f77f0170_0 .net "Pk-1:j", 0 0, L_000002e3f78553b0;  alias, 1 drivers
v000002e3f77ef270_0 .net *"_ivl_2", 0 0, L_000002e3f7856990;  1 drivers
S_000002e3f77f34f0 .scope module, "6:5" "PijGij" 2 133, 2 53 0, S_000002e3f777da70;
 .timescale -9 -12;
    .port_info 0 /INPUT 1 "Pi:k";
    .port_info 1 /INPUT 1 "Pk-1:j";
    .port_info 2 /INPUT 1 "Gi:k";
    .port_info 3 /INPUT 1 "Gk-1:j";
    .port_info 4 /OUTPUT 1 "Pi:j";
    .port_info 5 /OUTPUT 1 "Gi:j";
L_000002e3f7855490 .functor AND 1, L_000002e3f7805e60, L_000002e3f7805f00, C4<1>, C4<1>;
L_000002e3f7855b90 .functor AND 1, L_000002e3f7805e60, L_000002e3f7806f40, C4<1>, C4<1>;
L_000002e3f78559d0 .functor OR 1, L_000002e3f78069a0, L_000002e3f7855b90, C4<0>, C4<0>;
v000002e3f77ee9b0_0 .net "Gi:j", 0 0, L_000002e3f78559d0;  alias, 1 drivers
v000002e3f77ef950_0 .net "Gi:k", 0 0, L_000002e3f78069a0;  1 drivers
v000002e3f77eeff0_0 .net "Gk-1:j", 0 0, L_000002e3f7806f40;  1 drivers
v000002e3f77f0030_0 .net "Pi:j", 0 0, L_000002e3f7855490;  alias, 1 drivers
v000002e3f77eeaf0_0 .net "Pi:k", 0 0, L_000002e3f7805e60;  1 drivers
v000002e3f77ee910_0 .net "Pk-1:j", 0 0, L_000002e3f7805f00;  1 drivers
v000002e3f77f0350_0 .net *"_ivl_2", 0 0, L_000002e3f7855b90;  1 drivers
S_000002e3f77f2eb0 .scope module, "7:-1" "Gij" 2 147, 2 46 0, S_000002e3f777da70;
 .timescale -9 -12;
    .port_info 0 /INPUT 1 "Pi:k";
    .port_info 1 /INPUT 1 "Gi:k";
    .port_info 2 /INPUT 1 "Gk-1:j";
    .port_info 3 /OUTPUT 1 "Gi:j";
L_000002e3f7856300 .functor AND 1, L_000002e3f7805aa0, L_000002e3f7856760, C4<1>, C4<1>;
L_000002e3f7855ea0 .functor OR 1, L_000002e3f7806ae0, L_000002e3f7856300, C4<0>, C4<0>;
v000002e3f77f00d0_0 .net "Gi:j", 0 0, L_000002e3f7855ea0;  alias, 1 drivers
v000002e3f77ef6d0_0 .net "Gi:k", 0 0, L_000002e3f7806ae0;  1 drivers
v000002e3f77ee7d0_0 .net "Gk-1:j", 0 0, L_000002e3f7856760;  alias, 1 drivers
v000002e3f77ef090_0 .net "Pi:k", 0 0, L_000002e3f7805aa0;  1 drivers
v000002e3f77f0670_0 .net *"_ivl_0", 0 0, L_000002e3f7856300;  1 drivers
S_000002e3f77f39a0 .scope module, "8:-1" "Gij" 2 157, 2 46 0, S_000002e3f777da70;
 .timescale -9 -12;
    .port_info 0 /INPUT 1 "Pi:k";
    .port_info 1 /INPUT 1 "Gi:k";
    .port_info 2 /INPUT 1 "Gk-1:j";
    .port_info 3 /OUTPUT 1 "Gi:j";
L_000002e3f7855730 .functor AND 1, L_000002e3f78555e0, L_000002e3f7856760, C4<1>, C4<1>;
L_000002e3f7856920 .functor OR 1, L_000002e3f78563e0, L_000002e3f7855730, C4<0>, C4<0>;
v000002e3f77ef130_0 .net "Gi:j", 0 0, L_000002e3f7856920;  alias, 1 drivers
v000002e3f77f0490_0 .net "Gi:k", 0 0, L_000002e3f78563e0;  alias, 1 drivers
v000002e3f77ef1d0_0 .net "Gk-1:j", 0 0, L_000002e3f7856760;  alias, 1 drivers
v000002e3f77f0990_0 .net "Pi:k", 0 0, L_000002e3f78555e0;  alias, 1 drivers
v000002e3f77ef3b0_0 .net *"_ivl_0", 0 0, L_000002e3f7855730;  1 drivers
S_000002e3f77f3fe0 .scope module, "8:7" "PijGij" 2 153, 2 53 0, S_000002e3f777da70;
 .timescale -9 -12;
    .port_info 0 /INPUT 1 "Pi:k";
    .port_info 1 /INPUT 1 "Pk-1:j";
    .port_info 2 /INPUT 1 "Gi:k";
    .port_info 3 /INPUT 1 "Gk-1:j";
    .port_info 4 /OUTPUT 1 "Pi:j";
    .port_info 5 /OUTPUT 1 "Gi:j";
L_000002e3f78555e0 .functor AND 1, L_000002e3f7806c20, L_000002e3f7807120, C4<1>, C4<1>;
L_000002e3f7855c70 .functor AND 1, L_000002e3f7806c20, L_000002e3f78058c0, C4<1>, C4<1>;
L_000002e3f78563e0 .functor OR 1, L_000002e3f7805500, L_000002e3f7855c70, C4<0>, C4<0>;
v000002e3f77ee4b0_0 .net "Gi:j", 0 0, L_000002e3f78563e0;  alias, 1 drivers
v000002e3f77ef450_0 .net "Gi:k", 0 0, L_000002e3f7805500;  1 drivers
v000002e3f77ee2d0_0 .net "Gk-1:j", 0 0, L_000002e3f78058c0;  1 drivers
v000002e3f77f0210_0 .net "Pi:j", 0 0, L_000002e3f78555e0;  alias, 1 drivers
v000002e3f77ee870_0 .net "Pi:k", 0 0, L_000002e3f7806c20;  1 drivers
v000002e3f77ef810_0 .net "Pk-1:j", 0 0, L_000002e3f7807120;  1 drivers
v000002e3f77ee410_0 .net *"_ivl_2", 0 0, L_000002e3f7855c70;  1 drivers
S_000002e3f77f2b90 .scope module, "9:-1" "Gij" 2 167, 2 46 0, S_000002e3f777da70;
 .timescale -9 -12;
    .port_info 0 /INPUT 1 "Pi:k";
    .port_info 1 /INPUT 1 "Gi:k";
    .port_info 2 /INPUT 1 "Gk-1:j";
    .port_info 3 /OUTPUT 1 "Gi:j";
L_000002e3f78557a0 .functor AND 1, L_000002e3f78551f0, L_000002e3f7856760, C4<1>, C4<1>;
L_000002e3f7855810 .functor OR 1, L_000002e3f7856a00, L_000002e3f78557a0, C4<0>, C4<0>;
v000002e3f77ef8b0_0 .net "Gi:j", 0 0, L_000002e3f7855810;  alias, 1 drivers
v000002e3f77ee550_0 .net "Gi:k", 0 0, L_000002e3f7856a00;  alias, 1 drivers
v000002e3f77ee5f0_0 .net "Gk-1:j", 0 0, L_000002e3f7856760;  alias, 1 drivers
v000002e3f77ef770_0 .net "Pi:k", 0 0, L_000002e3f78551f0;  alias, 1 drivers
v000002e3f77efb30_0 .net *"_ivl_0", 0 0, L_000002e3f78557a0;  1 drivers
S_000002e3f77f2a00 .scope module, "9:7" "PijGij" 2 163, 2 53 0, S_000002e3f777da70;
 .timescale -9 -12;
    .port_info 0 /INPUT 1 "Pi:k";
    .port_info 1 /INPUT 1 "Pk-1:j";
    .port_info 2 /INPUT 1 "Gi:k";
    .port_info 3 /INPUT 1 "Gk-1:j";
    .port_info 4 /OUTPUT 1 "Pi:j";
    .port_info 5 /OUTPUT 1 "Gi:j";
L_000002e3f78551f0 .functor AND 1, L_000002e3f7809a60, L_000002e3f78555e0, C4<1>, C4<1>;
L_000002e3f7855260 .functor AND 1, L_000002e3f7809a60, L_000002e3f78563e0, C4<1>, C4<1>;
L_000002e3f7856a00 .functor OR 1, L_000002e3f7808ac0, L_000002e3f7855260, C4<0>, C4<0>;
v000002e3f77efbd0_0 .net "Gi:j", 0 0, L_000002e3f7856a00;  alias, 1 drivers
v000002e3f77eecd0_0 .net "Gi:k", 0 0, L_000002e3f7808ac0;  1 drivers
v000002e3f77efc70_0 .net "Gk-1:j", 0 0, L_000002e3f78563e0;  alias, 1 drivers
v000002e3f77ee230_0 .net "Pi:j", 0 0, L_000002e3f78551f0;  alias, 1 drivers
v000002e3f77efd10_0 .net "Pi:k", 0 0, L_000002e3f7809a60;  1 drivers
v000002e3f77efdb0_0 .net "Pk-1:j", 0 0, L_000002e3f78555e0;  alias, 1 drivers
v000002e3f77efe50_0 .net *"_ivl_2", 0 0, L_000002e3f7855260;  1 drivers
S_000002e3f77f3cc0 .scope module, "s0" "Sum" 2 81, 2 61 0, S_000002e3f777da70;
 .timescale -9 -12;
    .port_info 0 /INPUT 1 "Gi-1:-1";
    .port_info 1 /INPUT 1 "Ai";
    .port_info 2 /INPUT 1 "Bi";
    .port_info 3 /OUTPUT 1 "Si";
L_000002e3f77e20e0 .functor XOR 1, L_000002e3f7805960, L_000002e3f7806d60, C4<0>, C4<0>;
L_000002e3f77e2230 .functor XOR 1, L_000002e3f77e20e0, L_000002e3f7806040, C4<0>, C4<0>;
v000002e3f77ee370_0 .net "Ai", 0 0, L_000002e3f7806d60;  1 drivers
v000002e3f77f07b0_0 .net "Bi", 0 0, L_000002e3f7806040;  1 drivers
v000002e3f77efef0_0 .net "Gi-1:-1", 0 0, L_000002e3f7805960;  1 drivers
v000002e3f77f02b0_0 .net "Si", 0 0, L_000002e3f77e2230;  1 drivers
v000002e3f77eff90_0 .net *"_ivl_0", 0 0, L_000002e3f77e20e0;  1 drivers
S_000002e3f77f2230 .scope module, "s1" "Sum" 2 87, 2 61 0, S_000002e3f777da70;
 .timescale -9 -12;
    .port_info 0 /INPUT 1 "Gi-1:-1";
    .port_info 1 /INPUT 1 "Ai";
    .port_info 2 /INPUT 1 "Bi";
    .port_info 3 /OUTPUT 1 "Si";
L_000002e3f77e24d0 .functor XOR 1, L_000002e3f77e2380, L_000002e3f78078a0, C4<0>, C4<0>;
L_000002e3f77e1820 .functor XOR 1, L_000002e3f77e24d0, L_000002e3f7807260, C4<0>, C4<0>;
v000002e3f77f03f0_0 .net "Ai", 0 0, L_000002e3f78078a0;  1 drivers
v000002e3f77f05d0_0 .net "Bi", 0 0, L_000002e3f7807260;  1 drivers
v000002e3f77ee730_0 .net "Gi-1:-1", 0 0, L_000002e3f77e2380;  alias, 1 drivers
v000002e3f77eec30_0 .net "Si", 0 0, L_000002e3f77e1820;  1 drivers
v000002e3f77f6480_0 .net *"_ivl_0", 0 0, L_000002e3f77e24d0;  1 drivers
S_000002e3f77f23c0 .scope module, "s10" "Sum" 2 169, 2 61 0, S_000002e3f777da70;
 .timescale -9 -12;
    .port_info 0 /INPUT 1 "Gi-1:-1";
    .port_info 1 /INPUT 1 "Ai";
    .port_info 2 /INPUT 1 "Bi";
    .port_info 3 /OUTPUT 1 "Si";
L_000002e3f7856840 .functor XOR 1, L_000002e3f7855810, L_000002e3f7808660, C4<0>, C4<0>;
L_000002e3f78558f0 .functor XOR 1, L_000002e3f7856840, L_000002e3f7809c40, C4<0>, C4<0>;
v000002e3f77f49a0_0 .net "Ai", 0 0, L_000002e3f7808660;  1 drivers
v000002e3f77f4f40_0 .net "Bi", 0 0, L_000002e3f7809c40;  1 drivers
v000002e3f77f5760_0 .net "Gi-1:-1", 0 0, L_000002e3f7855810;  alias, 1 drivers
v000002e3f77f4400_0 .net "Si", 0 0, L_000002e3f78558f0;  1 drivers
v000002e3f77f59e0_0 .net *"_ivl_0", 0 0, L_000002e3f7856840;  1 drivers
S_000002e3f77f2550 .scope module, "s11" "Sum" 2 183, 2 61 0, S_000002e3f777da70;
 .timescale -9 -12;
    .port_info 0 /INPUT 1 "Gi-1:-1";
    .port_info 1 /INPUT 1 "Ai";
    .port_info 2 /INPUT 1 "Bi";
    .port_info 3 /OUTPUT 1 "Si";
L_000002e3f78564c0 .functor XOR 1, L_000002e3f7856450, L_000002e3f7808b60, C4<0>, C4<0>;
L_000002e3f7856bc0 .functor XOR 1, L_000002e3f78564c0, L_000002e3f7807e40, C4<0>, C4<0>;
v000002e3f77f5620_0 .net "Ai", 0 0, L_000002e3f7808b60;  1 drivers
v000002e3f77f4fe0_0 .net "Bi", 0 0, L_000002e3f7807e40;  1 drivers
v000002e3f77f5080_0 .net "Gi-1:-1", 0 0, L_000002e3f7856450;  alias, 1 drivers
v000002e3f77f5120_0 .net "Si", 0 0, L_000002e3f7856bc0;  1 drivers
v000002e3f77f5e40_0 .net *"_ivl_0", 0 0, L_000002e3f78564c0;  1 drivers
S_000002e3f77f2d20 .scope module, "s12" "Sum" 2 193, 2 61 0, S_000002e3f777da70;
 .timescale -9 -12;
    .port_info 0 /INPUT 1 "Gi-1:-1";
    .port_info 1 /INPUT 1 "Ai";
    .port_info 2 /INPUT 1 "Bi";
    .port_info 3 /OUTPUT 1 "Si";
L_000002e3f7857020 .functor XOR 1, L_000002e3f7856f40, L_000002e3f7807b20, C4<0>, C4<0>;
L_000002e3f7857090 .functor XOR 1, L_000002e3f7857020, L_000002e3f78091a0, C4<0>, C4<0>;
v000002e3f77f51c0_0 .net "Ai", 0 0, L_000002e3f7807b20;  1 drivers
v000002e3f77f6020_0 .net "Bi", 0 0, L_000002e3f78091a0;  1 drivers
v000002e3f77f6340_0 .net "Gi-1:-1", 0 0, L_000002e3f7856f40;  alias, 1 drivers
v000002e3f77f60c0_0 .net "Si", 0 0, L_000002e3f7857090;  1 drivers
v000002e3f77f5800_0 .net *"_ivl_0", 0 0, L_000002e3f7857020;  1 drivers
S_000002e3f77f3040 .scope module, "s13" "Sum" 2 207, 2 61 0, S_000002e3f777da70;
 .timescale -9 -12;
    .port_info 0 /INPUT 1 "Gi-1:-1";
    .port_info 1 /INPUT 1 "Ai";
    .port_info 2 /INPUT 1 "Bi";
    .port_info 3 /OUTPUT 1 "Si";
L_000002e3f7859ce0 .functor XOR 1, L_000002e3f7859b90, L_000002e3f7807da0, C4<0>, C4<0>;
L_000002e3f785a0d0 .functor XOR 1, L_000002e3f7859ce0, L_000002e3f7809100, C4<0>, C4<0>;
v000002e3f77f5260_0 .net "Ai", 0 0, L_000002e3f7807da0;  1 drivers
v000002e3f77f4e00_0 .net "Bi", 0 0, L_000002e3f7809100;  1 drivers
v000002e3f77f5940_0 .net "Gi-1:-1", 0 0, L_000002e3f7859b90;  alias, 1 drivers
v000002e3f77f4b80_0 .net "Si", 0 0, L_000002e3f785a0d0;  1 drivers
v000002e3f77f58a0_0 .net *"_ivl_0", 0 0, L_000002e3f7859ce0;  1 drivers
S_000002e3f77f31d0 .scope module, "s14" "Sum" 2 221, 2 61 0, S_000002e3f777da70;
 .timescale -9 -12;
    .port_info 0 /INPUT 1 "Gi-1:-1";
    .port_info 1 /INPUT 1 "Ai";
    .port_info 2 /INPUT 1 "Bi";
    .port_info 3 /OUTPUT 1 "Si";
L_000002e3f7859ea0 .functor XOR 1, L_000002e3f7859f10, L_000002e3f7809b00, C4<0>, C4<0>;
L_000002e3f78596c0 .functor XOR 1, L_000002e3f7859ea0, L_000002e3f7808840, C4<0>, C4<0>;
v000002e3f77f5bc0_0 .net "Ai", 0 0, L_000002e3f7809b00;  1 drivers
v000002e3f77f6160_0 .net "Bi", 0 0, L_000002e3f7808840;  1 drivers
v000002e3f77f68e0_0 .net "Gi-1:-1", 0 0, L_000002e3f7859f10;  alias, 1 drivers
v000002e3f77f63e0_0 .net "Si", 0 0, L_000002e3f78596c0;  1 drivers
v000002e3f77f5300_0 .net *"_ivl_0", 0 0, L_000002e3f7859ea0;  1 drivers
S_000002e3f77f26e0 .scope module, "s15" "Sum" 2 239, 2 61 0, S_000002e3f777da70;
 .timescale -9 -12;
    .port_info 0 /INPUT 1 "Gi-1:-1";
    .port_info 1 /INPUT 1 "Ai";
    .port_info 2 /INPUT 1 "Bi";
    .port_info 3 /OUTPUT 1 "Si";
L_000002e3f7859110 .functor XOR 1, L_000002e3f7859e30, L_000002e3f7809e20, C4<0>, C4<0>;
L_000002e3f7858700 .functor XOR 1, L_000002e3f7859110, L_000002e3f780a000, C4<0>, C4<0>;
v000002e3f77f62a0_0 .net "Ai", 0 0, L_000002e3f7809e20;  1 drivers
v000002e3f77f4a40_0 .net "Bi", 0 0, L_000002e3f780a000;  1 drivers
v000002e3f77f5440_0 .net "Gi-1:-1", 0 0, L_000002e3f7859e30;  alias, 1 drivers
v000002e3f77f6520_0 .net "Si", 0 0, L_000002e3f7858700;  1 drivers
v000002e3f77f6200_0 .net *"_ivl_0", 0 0, L_000002e3f7859110;  1 drivers
S_000002e3f77f3e50 .scope module, "s16" "Sum" 2 245, 2 61 0, S_000002e3f777da70;
 .timescale -9 -12;
    .port_info 0 /INPUT 1 "Gi-1:-1";
    .port_info 1 /INPUT 1 "Ai";
    .port_info 2 /INPUT 1 "Bi";
    .port_info 3 /OUTPUT 1 "Si";
L_000002e3f785a060 .functor XOR 1, L_000002e3f7859ff0, L_000002e3f7807c60, C4<0>, C4<0>;
L_000002e3f7859340 .functor XOR 1, L_000002e3f785a060, L_000002e3f78088e0, C4<0>, C4<0>;
v000002e3f77f6980_0 .net "Ai", 0 0, L_000002e3f7807c60;  1 drivers
v000002e3f77f53a0_0 .net "Bi", 0 0, L_000002e3f78088e0;  1 drivers
v000002e3f77f65c0_0 .net "Gi-1:-1", 0 0, L_000002e3f7859ff0;  alias, 1 drivers
v000002e3f77f5f80_0 .net "Si", 0 0, L_000002e3f7859340;  1 drivers
v000002e3f77f4ea0_0 .net *"_ivl_0", 0 0, L_000002e3f785a060;  1 drivers
S_000002e3f77f2870 .scope module, "s17" "Sum" 2 255, 2 61 0, S_000002e3f777da70;
 .timescale -9 -12;
    .port_info 0 /INPUT 1 "Gi-1:-1";
    .port_info 1 /INPUT 1 "Ai";
    .port_info 2 /INPUT 1 "Bi";
    .port_info 3 /OUTPUT 1 "Si";
L_000002e3f7858d90 .functor XOR 1, L_000002e3f7859570, L_000002e3f7808e80, C4<0>, C4<0>;
L_000002e3f7858ee0 .functor XOR 1, L_000002e3f7858d90, L_000002e3f78094c0, C4<0>, C4<0>;
v000002e3f77f4680_0 .net "Ai", 0 0, L_000002e3f7808e80;  1 drivers
v000002e3f77f4720_0 .net "Bi", 0 0, L_000002e3f78094c0;  1 drivers
v000002e3f77f54e0_0 .net "Gi-1:-1", 0 0, L_000002e3f7859570;  alias, 1 drivers
v000002e3f77f6660_0 .net "Si", 0 0, L_000002e3f7858ee0;  1 drivers
v000002e3f77f5580_0 .net *"_ivl_0", 0 0, L_000002e3f7858d90;  1 drivers
S_000002e3f77f3360 .scope module, "s18" "Sum" 2 265, 2 61 0, S_000002e3f777da70;
 .timescale -9 -12;
    .port_info 0 /INPUT 1 "Gi-1:-1";
    .port_info 1 /INPUT 1 "Ai";
    .port_info 2 /INPUT 1 "Bi";
    .port_info 3 /OUTPUT 1 "Si";
L_000002e3f7858a10 .functor XOR 1, L_000002e3f7859420, L_000002e3f7808fc0, C4<0>, C4<0>;
L_000002e3f7858f50 .functor XOR 1, L_000002e3f7858a10, L_000002e3f7809060, C4<0>, C4<0>;
v000002e3f77f45e0_0 .net "Ai", 0 0, L_000002e3f7808fc0;  1 drivers
v000002e3f77f67a0_0 .net "Bi", 0 0, L_000002e3f7809060;  1 drivers
v000002e3f77f6a20_0 .net "Gi-1:-1", 0 0, L_000002e3f7859420;  alias, 1 drivers
v000002e3f77f56c0_0 .net "Si", 0 0, L_000002e3f7858f50;  1 drivers
v000002e3f77f6ac0_0 .net *"_ivl_0", 0 0, L_000002e3f7858a10;  1 drivers
S_000002e3f77f3680 .scope module, "s19" "Sum" 2 279, 2 61 0, S_000002e3f777da70;
 .timescale -9 -12;
    .port_info 0 /INPUT 1 "Gi-1:-1";
    .port_info 1 /INPUT 1 "Ai";
    .port_info 2 /INPUT 1 "Bi";
    .port_info 3 /OUTPUT 1 "Si";
L_000002e3f7859260 .functor XOR 1, L_000002e3f7858cb0, L_000002e3f78092e0, C4<0>, C4<0>;
L_000002e3f7859810 .functor XOR 1, L_000002e3f7859260, L_000002e3f7809ec0, C4<0>, C4<0>;
v000002e3f77f4360_0 .net "Ai", 0 0, L_000002e3f78092e0;  1 drivers
v000002e3f77f44a0_0 .net "Bi", 0 0, L_000002e3f7809ec0;  1 drivers
v000002e3f77f5ee0_0 .net "Gi-1:-1", 0 0, L_000002e3f7858cb0;  alias, 1 drivers
v000002e3f77f5c60_0 .net "Si", 0 0, L_000002e3f7859810;  1 drivers
v000002e3f77f4540_0 .net *"_ivl_0", 0 0, L_000002e3f7859260;  1 drivers
S_000002e3f77f3810 .scope module, "s2" "Sum" 2 93, 2 61 0, S_000002e3f777da70;
 .timescale -9 -12;
    .port_info 0 /INPUT 1 "Gi-1:-1";
    .port_info 1 /INPUT 1 "Ai";
    .port_info 2 /INPUT 1 "Bi";
    .port_info 3 /OUTPUT 1 "Si";
L_000002e3f77e16d0 .functor XOR 1, L_000002e3f77e2460, L_000002e3f7807080, C4<0>, C4<0>;
L_000002e3f7855570 .functor XOR 1, L_000002e3f77e16d0, L_000002e3f78062c0, C4<0>, C4<0>;
v000002e3f77f6700_0 .net "Ai", 0 0, L_000002e3f7807080;  1 drivers
v000002e3f77f47c0_0 .net "Bi", 0 0, L_000002e3f78062c0;  1 drivers
v000002e3f77f5d00_0 .net "Gi-1:-1", 0 0, L_000002e3f77e2460;  alias, 1 drivers
v000002e3f77f5da0_0 .net "Si", 0 0, L_000002e3f7855570;  1 drivers
v000002e3f77f5b20_0 .net *"_ivl_0", 0 0, L_000002e3f77e16d0;  1 drivers
S_000002e3f77f3b30 .scope module, "s20" "Sum" 2 289, 2 61 0, S_000002e3f777da70;
 .timescale -9 -12;
    .port_info 0 /INPUT 1 "Gi-1:-1";
    .port_info 1 /INPUT 1 "Ai";
    .port_info 2 /INPUT 1 "Bi";
    .port_info 3 /OUTPUT 1 "Si";
L_000002e3f785a370 .functor XOR 1, L_000002e3f785a1b0, L_000002e3f780a140, C4<0>, C4<0>;
L_000002e3f785a450 .functor XOR 1, L_000002e3f785a370, L_000002e3f78079e0, C4<0>, C4<0>;
v000002e3f77f4860_0 .net "Ai", 0 0, L_000002e3f780a140;  1 drivers
v000002e3f77f4900_0 .net "Bi", 0 0, L_000002e3f78079e0;  1 drivers
v000002e3f77f6840_0 .net "Gi-1:-1", 0 0, L_000002e3f785a1b0;  alias, 1 drivers
v000002e3f77f4ae0_0 .net "Si", 0 0, L_000002e3f785a450;  1 drivers
v000002e3f77f4c20_0 .net *"_ivl_0", 0 0, L_000002e3f785a370;  1 drivers
S_000002e3f77fe3a0 .scope module, "s21" "Sum" 2 303, 2 61 0, S_000002e3f777da70;
 .timescale -9 -12;
    .port_info 0 /INPUT 1 "Gi-1:-1";
    .port_info 1 /INPUT 1 "Ai";
    .port_info 2 /INPUT 1 "Bi";
    .port_info 3 /OUTPUT 1 "Si";
L_000002e3f7861850 .functor XOR 1, L_000002e3f7861770, L_000002e3f7809420, C4<0>, C4<0>;
L_000002e3f7861cb0 .functor XOR 1, L_000002e3f7861850, L_000002e3f78082a0, C4<0>, C4<0>;
v000002e3f77f5a80_0 .net "Ai", 0 0, L_000002e3f7809420;  1 drivers
v000002e3f77f4cc0_0 .net "Bi", 0 0, L_000002e3f78082a0;  1 drivers
v000002e3f77f4d60_0 .net "Gi-1:-1", 0 0, L_000002e3f7861770;  alias, 1 drivers
v000002e3f77f7e20_0 .net "Si", 0 0, L_000002e3f7861cb0;  1 drivers
v000002e3f77f7c40_0 .net *"_ivl_0", 0 0, L_000002e3f7861850;  1 drivers
S_000002e3f77fe530 .scope module, "s22" "Sum" 2 317, 2 61 0, S_000002e3f777da70;
 .timescale -9 -12;
    .port_info 0 /INPUT 1 "Gi-1:-1";
    .port_info 1 /INPUT 1 "Ai";
    .port_info 2 /INPUT 1 "Bi";
    .port_info 3 /OUTPUT 1 "Si";
L_000002e3f7862c70 .functor XOR 1, L_000002e3f78619a0, L_000002e3f780a500, C4<0>, C4<0>;
L_000002e3f7862030 .functor XOR 1, L_000002e3f7862c70, L_000002e3f780c300, C4<0>, C4<0>;
v000002e3f77f6d40_0 .net "Ai", 0 0, L_000002e3f780a500;  1 drivers
v000002e3f77f7240_0 .net "Bi", 0 0, L_000002e3f780c300;  1 drivers
v000002e3f77f7b00_0 .net "Gi-1:-1", 0 0, L_000002e3f78619a0;  alias, 1 drivers
v000002e3f77f77e0_0 .net "Si", 0 0, L_000002e3f7862030;  1 drivers
v000002e3f77f7ec0_0 .net *"_ivl_0", 0 0, L_000002e3f7862c70;  1 drivers
S_000002e3f77fd400 .scope module, "s23" "Sum" 2 335, 2 61 0, S_000002e3f777da70;
 .timescale -9 -12;
    .port_info 0 /INPUT 1 "Gi-1:-1";
    .port_info 1 /INPUT 1 "Ai";
    .port_info 2 /INPUT 1 "Bi";
    .port_info 3 /OUTPUT 1 "Si";
L_000002e3f7861c40 .functor XOR 1, L_000002e3f7861b60, L_000002e3f780c8a0, C4<0>, C4<0>;
L_000002e3f7861a10 .functor XOR 1, L_000002e3f7861c40, L_000002e3f780b360, C4<0>, C4<0>;
v000002e3f77f7060_0 .net "Ai", 0 0, L_000002e3f780c8a0;  1 drivers
v000002e3f77f7600_0 .net "Bi", 0 0, L_000002e3f780b360;  1 drivers
v000002e3f77f74c0_0 .net "Gi-1:-1", 0 0, L_000002e3f7861b60;  alias, 1 drivers
v000002e3f77f7ba0_0 .net "Si", 0 0, L_000002e3f7861a10;  1 drivers
v000002e3f77f7f60_0 .net *"_ivl_0", 0 0, L_000002e3f7861c40;  1 drivers
S_000002e3f77fcdc0 .scope module, "s3" "Sum" 2 103, 2 61 0, S_000002e3f777da70;
 .timescale -9 -12;
    .port_info 0 /INPUT 1 "Gi-1:-1";
    .port_info 1 /INPUT 1 "Ai";
    .port_info 2 /INPUT 1 "Bi";
    .port_info 3 /OUTPUT 1 "Si";
L_000002e3f7856610 .functor XOR 1, L_000002e3f7856680, L_000002e3f7805be0, C4<0>, C4<0>;
L_000002e3f7856a70 .functor XOR 1, L_000002e3f7856610, L_000002e3f7805280, C4<0>, C4<0>;
v000002e3f77f8140_0 .net "Ai", 0 0, L_000002e3f7805be0;  1 drivers
v000002e3f77f80a0_0 .net "Bi", 0 0, L_000002e3f7805280;  1 drivers
v000002e3f77f71a0_0 .net "Gi-1:-1", 0 0, L_000002e3f7856680;  alias, 1 drivers
v000002e3f77f8000_0 .net "Si", 0 0, L_000002e3f7856a70;  1 drivers
v000002e3f77f81e0_0 .net *"_ivl_0", 0 0, L_000002e3f7856610;  1 drivers
S_000002e3f77fcf50 .scope module, "s4" "Sum" 2 109, 2 61 0, S_000002e3f777da70;
 .timescale -9 -12;
    .port_info 0 /INPUT 1 "Gi-1:-1";
    .port_info 1 /INPUT 1 "Ai";
    .port_info 2 /INPUT 1 "Bi";
    .port_info 3 /OUTPUT 1 "Si";
L_000002e3f7855960 .functor XOR 1, L_000002e3f7855f10, L_000002e3f7806b80, C4<0>, C4<0>;
L_000002e3f7856290 .functor XOR 1, L_000002e3f7855960, L_000002e3f7805d20, C4<0>, C4<0>;
v000002e3f77f7ce0_0 .net "Ai", 0 0, L_000002e3f7806b80;  1 drivers
v000002e3f77f7560_0 .net "Bi", 0 0, L_000002e3f7805d20;  1 drivers
v000002e3f77f7100_0 .net "Gi-1:-1", 0 0, L_000002e3f7855f10;  alias, 1 drivers
v000002e3f77f7740_0 .net "Si", 0 0, L_000002e3f7856290;  1 drivers
v000002e3f77f7d80_0 .net *"_ivl_0", 0 0, L_000002e3f7855960;  1 drivers
S_000002e3f77fda40 .scope module, "s5" "Sum" 2 119, 2 61 0, S_000002e3f777da70;
 .timescale -9 -12;
    .port_info 0 /INPUT 1 "Gi-1:-1";
    .port_info 1 /INPUT 1 "Ai";
    .port_info 2 /INPUT 1 "Bi";
    .port_info 3 /OUTPUT 1 "Si";
L_000002e3f7855c00 .functor XOR 1, L_000002e3f7856d80, L_000002e3f78064a0, C4<0>, C4<0>;
L_000002e3f7856ca0 .functor XOR 1, L_000002e3f7855c00, L_000002e3f7805320, C4<0>, C4<0>;
v000002e3f77f6b60_0 .net "Ai", 0 0, L_000002e3f78064a0;  1 drivers
v000002e3f77f6fc0_0 .net "Bi", 0 0, L_000002e3f7805320;  1 drivers
v000002e3f77f7920_0 .net "Gi-1:-1", 0 0, L_000002e3f7856d80;  alias, 1 drivers
v000002e3f77f72e0_0 .net "Si", 0 0, L_000002e3f7856ca0;  1 drivers
v000002e3f77f76a0_0 .net *"_ivl_0", 0 0, L_000002e3f7855c00;  1 drivers
S_000002e3f77fd590 .scope module, "s6" "Sum" 2 129, 2 61 0, S_000002e3f777da70;
 .timescale -9 -12;
    .port_info 0 /INPUT 1 "Gi-1:-1";
    .port_info 1 /INPUT 1 "Ai";
    .port_info 2 /INPUT 1 "Bi";
    .port_info 3 /OUTPUT 1 "Si";
L_000002e3f78567d0 .functor XOR 1, L_000002e3f78566f0, L_000002e3f78065e0, C4<0>, C4<0>;
L_000002e3f7855ff0 .functor XOR 1, L_000002e3f78567d0, L_000002e3f7806ea0, C4<0>, C4<0>;
v000002e3f77f6c00_0 .net "Ai", 0 0, L_000002e3f78065e0;  1 drivers
v000002e3f77f6de0_0 .net "Bi", 0 0, L_000002e3f7806ea0;  1 drivers
v000002e3f77f7880_0 .net "Gi-1:-1", 0 0, L_000002e3f78566f0;  alias, 1 drivers
v000002e3f77f6ca0_0 .net "Si", 0 0, L_000002e3f7855ff0;  1 drivers
v000002e3f77f79c0_0 .net *"_ivl_0", 0 0, L_000002e3f78567d0;  1 drivers
S_000002e3f77fcc30 .scope module, "s7" "Sum" 2 143, 2 61 0, S_000002e3f777da70;
 .timescale -9 -12;
    .port_info 0 /INPUT 1 "Gi-1:-1";
    .port_info 1 /INPUT 1 "Ai";
    .port_info 2 /INPUT 1 "Bi";
    .port_info 3 /OUTPUT 1 "Si";
L_000002e3f7855ab0 .functor XOR 1, L_000002e3f7856760, L_000002e3f7806a40, C4<0>, C4<0>;
L_000002e3f7855500 .functor XOR 1, L_000002e3f7855ab0, L_000002e3f7805a00, C4<0>, C4<0>;
v000002e3f77f6e80_0 .net "Ai", 0 0, L_000002e3f7806a40;  1 drivers
v000002e3f77f7a60_0 .net "Bi", 0 0, L_000002e3f7805a00;  1 drivers
v000002e3f77f6f20_0 .net "Gi-1:-1", 0 0, L_000002e3f7856760;  alias, 1 drivers
v000002e3f77f7380_0 .net "Si", 0 0, L_000002e3f7855500;  1 drivers
v000002e3f77f7420_0 .net *"_ivl_0", 0 0, L_000002e3f7855ab0;  1 drivers
S_000002e3f77fd270 .scope module, "s8" "Sum" 2 149, 2 61 0, S_000002e3f777da70;
 .timescale -9 -12;
    .port_info 0 /INPUT 1 "Gi-1:-1";
    .port_info 1 /INPUT 1 "Ai";
    .port_info 2 /INPUT 1 "Bi";
    .port_info 3 /OUTPUT 1 "Si";
L_000002e3f7855dc0 .functor XOR 1, L_000002e3f7855ea0, L_000002e3f7805460, C4<0>, C4<0>;
L_000002e3f7855b20 .functor XOR 1, L_000002e3f7855dc0, L_000002e3f7806fe0, C4<0>, C4<0>;
v000002e3f77ff0a0_0 .net "Ai", 0 0, L_000002e3f7805460;  1 drivers
v000002e3f77ff3c0_0 .net "Bi", 0 0, L_000002e3f7806fe0;  1 drivers
v000002e3f77ff960_0 .net "Gi-1:-1", 0 0, L_000002e3f7855ea0;  alias, 1 drivers
v000002e3f77ff640_0 .net "Si", 0 0, L_000002e3f7855b20;  1 drivers
v000002e3f7800360_0 .net *"_ivl_0", 0 0, L_000002e3f7855dc0;  1 drivers
S_000002e3f77fd0e0 .scope module, "s9" "Sum" 2 159, 2 61 0, S_000002e3f777da70;
 .timescale -9 -12;
    .port_info 0 /INPUT 1 "Gi-1:-1";
    .port_info 1 /INPUT 1 "Ai";
    .port_info 2 /INPUT 1 "Bi";
    .port_info 3 /OUTPUT 1 "Si";
L_000002e3f7855e30 .functor XOR 1, L_000002e3f7856920, L_000002e3f7808c00, C4<0>, C4<0>;
L_000002e3f7856060 .functor XOR 1, L_000002e3f7855e30, L_000002e3f78085c0, C4<0>, C4<0>;
v000002e3f7800fe0_0 .net "Ai", 0 0, L_000002e3f7808c00;  1 drivers
v000002e3f7800540_0 .net "Bi", 0 0, L_000002e3f78085c0;  1 drivers
v000002e3f7800400_0 .net "Gi-1:-1", 0 0, L_000002e3f7856920;  alias, 1 drivers
v000002e3f7800900_0 .net "Si", 0 0, L_000002e3f7856060;  1 drivers
v000002e3f77feec0_0 .net *"_ivl_0", 0 0, L_000002e3f7855e30;  1 drivers
# The file index is used to find the file name in the following table.
:file_names 3;
    "N/A";
    "<interactive>";
    "padder24.v";
